1569593121046	mozrunner::runner	INFO	Running command: "C:\\Program Files\\Mozilla Firefox\\firefox.exe" "-marionette" "-foreground" "-no-remote" "-profile" "C:\\Users\\jy\\AppData\\Local\\Temp\\rust_mozprofileMJTp1I"
1569593121546	addons.webextension.screenshots@mozilla.org	WARN	Loading extension 'screenshots@mozilla.org': Reading manifest: Invalid extension permission: mozillaAddons
1569593121546	addons.webextension.screenshots@mozilla.org	WARN	Loading extension 'screenshots@mozilla.org': Reading manifest: Invalid extension permission: telemetry
1569593121546	addons.webextension.screenshots@mozilla.org	WARN	Loading extension 'screenshots@mozilla.org': Reading manifest: Invalid extension permission: resource://pdf.js/
1569593121547	addons.webextension.screenshots@mozilla.org	WARN	Loading extension 'screenshots@mozilla.org': Reading manifest: Invalid extension permission: about:reader*
JavaScript error: resource://gre/modules/XULStore.jsm, line 66: Error: Can't find profile directory.
WARN: compileToBinary(259): 
C:\fakepath(337,18-133): warning X3571: pow(f, e) will not work for negative f, use abs(f) or conditionally handle negative values if you expect them
C:\fakepath(343,62-116): warning X3571: pow(f, e) will not work for negative f, use abs(f) or conditionally handle negative values if you expect them
C:\fakepath(366,75-84): warning X3556: integer divides may be much slower, try using uints if possible.
C:\fakepath(369,50-59): warning X3556: integer modulus may be much slower, try using uints if possible.
C:\fakepath(385,33-90): warning X3571: pow(f, e) will not work for negative f, use abs(f) or conditionally handle negative values if you expect them
C:\fakepath(174,1-6): warning X4000: use of potentially uninitialized variable (dyn_index_vec4_float4)
C:\fakepath(289,25-29): error X4576: Input array signature parameter  cannot be indexed dynamically.

WARN: compileToBinary(259): 
C:\fakepath(337,18-133): warning X3571: pow(f, e) will not work for negative f, use abs(f) or conditionally handle negative values if you expect them
C:\fakepath(343,62-116): warning X3571: pow(f, e) will not work for negative f, use abs(f) or conditionally handle negative values if you expect them
C:\fakepath(366,75-84): warning X3556: integer divides may be much slower, try using uints if possible.
C:\fakepath(369,50-59): warning X3556: integer modulus may be much slower, try using uints if possible.
C:\fakepath(385,33-90): warning X3571: pow(f, e) will not work for negative f, use abs(f) or conditionally handle negative values if you expect them
C:\fakepath(174,1-6): warning X4000: use of potentially uninitialized variable (dyn_index_vec4_float4)
C:\fakepath(289,25-29): error X4576: Input array signature parameter  cannot be indexed dynamically.

WARN: compileToBinary(259): 
C:\fakepath(366,75-84): warning X3556: integer divides may be much slower, try using uints if possible.
C:\fakepath(369,50-59): warning X3556: integer modulus may be much slower, try using uints if possible.
C:\fakepath(174,1-6): warning X4000: use of potentially uninitialized variable (dyn_index_vec4_float4)
C:\fakepath(225,1): warning X4000: use of potentially uninitialized variable (f_distance_aa)
C:\fakepath(262,1): warning X4000: use of potentially uninitialized variable (f_do_clip)

1569593124898	Marionette	INFO	Listening on port 57385
1569593125159	Marionette	WARN	TLS certificate errors will be ignored for this session
JavaScript error: resource:///modules/UrlbarInput.jsm, line 235: TypeError: this._inputFieldEvents is undefined
JavaScript error: /accounts/static/_/js/k=gaia.gaiafe_glif.en_GB.-7K-Nxf93YQ.O/am=AjXSYiAgIAAAAAAAAAAAAADAAKJDxv_fCI7b/d=1/ct=zgms/rs=ABkqax3wkyRQ1uL8I1n_8JXYKG12D3aZHg/m=glifb,identifier,unknownerror, line 841: NS_ERROR_NOT_INITIALIZED: 
JavaScript warning: https://static.adsafeprotected.com/sca.17.4.95.js, line 32: Array.slice is deprecated; use Array.prototype.slice instead
JavaScript error: https://cti.w55c.net/ct/cms-2.min.js, line 1: TypeError: s[i.parameter] is undefined
JavaScript warning: https://static.adsafeprotected.com/sca.17.4.95.js, line 32: Array.slice is deprecated; use Array.prototype.slice instead
[Child 4724, Chrome_ChildThread] WARNING: pipe error: 109: file z:/task_1568728986/build/src/ipc/chromium/src/chrome/common/ipc_channel_win.cc, line 341
[Child 4724, Chrome_ChildThread] WARNING: pipe error: 109: file z:/task_1568728986/build/src/ipc/chromium/src/chrome/common/ipc_channel_win.cc, lin[Parent 16848, Gecko_IOThread] WARNING: pipe error: 109: file z:/task_1568728986/build/src/ipc/chromium/src/chrome/common/ipc_channel_win.cc, line 341
[Child 13928, Chrome_ChildThread] WARNING: pipe error: 109: file z:/task_1568728986/build/src/ipc/chromium/src/chrome/common/ipc_channel_win.cc, line 341
[Child 13928, Chrome_[Parent 16848, Gecko_IOThread] WARNING: pipe error: 109: file z:/task_1568728986/build/src/ipc/chromium/src/chrome/common/ipc_channel_win.cc, line 341
[Child 17104, Chrome_ChildThread] WARNING: pipe error: 109: file z:/task_1568728986/build/src/ipc/chromium/src/chrome/common/ipc_channel_win.cc, line 341
[Child 17104, Chrome_ChildThread] WARNING:1569593719912	Marionette	INFO	Stopped listening on port 57385
[GPU 3304, Chrome_ChildThread] WARNING: pipe error: 109: file z:/task_15687
###!!! [Child][RunMessage] Error: Channel closing: too late to send/recv, messages will be lost

28986/build/src/ipc/chromium/src/chrome/common/ipc_channel_win.cc, line 341

###!!! [Child][MessageChannel::SendAndWait] Error: Channel error: cannot send/recv

: pow(f, e) will not work for negative f, use abs(f) or conditionally handle negative values if you expect them
C:\fakepath(366,75-84): warning X3556: integer divides may be much slower, try using uints if possible.
C:\fakepath(369,50-59): warning X3556: integer modulus may be much slower, try using uints if possible.
C:\fakepath(385,33-90): warning X3571: pow(f, e) will not work for negative f, use abs(f) or conditionally handle negative values if you expect them
C:\fakepath(174,1-6): warning X4000: use of potentially uninitialized variable (dyn_index_vec4_float4)
C:\fakepath(289,25-29): error X4576: Input array signature parameter  cannot be indexed dynamically.

WARN: compileToBinary(259): 
C:\fakepath(366,75-84): warning X3556: integer divides may be much slower, try using uints if possible.
C:\fakepath(369,50-59): warning X3556: integer modulus may be much slower, try using uints if possible.
C:\fakepath(174,1-6): warning X4000: use of potentially uninitialized variable (dyn_index_vec4_float4)
C:\fakepath(225,1): warning X4000: use of potentially uninitialized variable (f_distance_aa)
C:\fakepath(262,1): warning X4000: use of potentially uninitialized variable (f_do_clip)

[Child 12104, Chrome_ChildThread] WARNING: pipe error: 109: file z:/task_1568728986/build/src/ipc/chromium/src/chrome/common/ipc_channel_win.cc, line 341

###!!! [Child][MessageChannel] Error: (msgtype=0x36011A,name=PContent::Msg_AsyncMessage) Channel closing: too late to send/recv, messages will be lost

JavaScript error: resource://gre/modules/ExtensionProcessScript.jsm, line 362: NS_ERROR_UNEXPECTED: 
1569593273527	Marionette	INFO	Listening on port 57449
1569593273979	Marionette	WARN	TLS certificate errors will be ignored for this session
[Parent 1856, Gecko_IOThread] WARNING: pipe error: 109: file z:/task_1568728986/build/src/ipc/chromium/src/chrome/common/ipc_channel_win.cc, line 341
[Parent 1856, Gecko_IOThread] WARNING: pipe error: 109: file z:/task_1568728986/build/src/ipc/chromium/src/chrome/common/ipc_channel_win.cc, line 341
[Child 14912, Chrome_ChildThread] WARNING: pipe error: 109: file z:/task_1568728986/build/src/ipc/chromium/src/chrome/common/ipc_channel_win.cc, line 341
[Child 14912, Chrome_ChildThread] WARNING: pipe error: 109: file z:/task_1568728986/build/src[Child 15836, Chrome_ChildThread] WARNING: pipe error: 109: file z:/task_1568728986/build/src/ipc/chromium/src/chrome/common/ipc_channel_win.cc, line 341
[Child 15836, Chrome_ChildThrea[Parent 1856, Gecko_IOThread] WARNING: pipe error: 109: file z:/task_1568728986/build/src/ipc/chromium/src/chrome/common/ipc_channel_win.cc, line 341
1569593442845	Marionette	INFO	Stopped listening on port 57449

###!!! [Child][RunMessage] Error: Channel closing: too late to send/recv, messages will be lost


###!!! [Child][MessageChannel::SendAndWait] Error: Channel error: cannot send/recv

1569593482270	mozrunner::runner	INFO	Running command: "C:\\Program Files\\Mozilla Firefox\\firefox.exe" "-marionette" "-foreground" "-no-remote" "-profile" "C:\\Users\\jy\\AppData\\Local\\Temp\\rust_mozprofileIODNZv"
1569593483292	addons.webextension.screenshots@mozilla.org	WARN	Loading extension 'screenshots@mozilla.org': Reading manifest: Invalid extension permission: mozillaAddons
1569593483292	addons.webextension.screenshots@mozilla.org	WARN	Loading extension 'screenshots@mozilla.org': Reading manifest: Invalid extension permission: telemetry
1569593483292	addons.webextension.screenshots@mozilla.org	WARN	Loading extension 'screenshots@mozilla.org': Reading manifest: Invalid extension permission: resource://pdf.js/
1569593483292	addons.webextension.screenshots@mozilla.org	WARN	Loading extension 'screenshots@mozilla.org': Reading manifest: Invalid extension permission: about:reader*
JavaScript error: resource://gre/modules/XULStore.jsm, line 66: Error: Can't find profile directory.
WARN: compileToBinary(259): 
C:\fakepath(337,18-133): warning X3571: pow(f, e) will not work for negative f, use abs(f) or conditionally handle negative values if you expect them
C:\fakepath(343,62-116): warning X3571: pow(f, e) will not work for negative f, use abs(f) or conditionally handle negative values if you expect them
C:\fakepath(366,75-84): warning X3556: integer divides may be much slower, try using uints if possible.
C:\fakepath(369,50-59): warning X3556: integer modulus may be much slower, try using uints if possible.
C:\fakepath(385,33-90): warning X3571: pow(f, e) will not work for negative f, use abs(f) or conditionally handle negative values if you expect them
C:\fakepath(174,1-6): warning X4000: use of potentially uninitialized variable (dyn_index_vec4_float4)
C:\fakepath(289,25-29): error X4576: Input array signature parameter  cannot be indexed dynamically.

WARN: compileToBinary(259): 
C:\fakepath(337,18-133): warning X3571: pow(f, e) will not work for negative f, use abs(f) or conditionally handle negative values if you expect them
C:\fakepath(343,62-116): warning X3571: pow(f, e) will not work for negative f, use abs(f) or conditionally handle negative values if you expect them
C:\fakepath(366,75-84): warning X3556: integer divides may be much slower, try using uints if possible.
C:\fakepath(369,50-59): warning X3556: integer modulus may be much slower, try using uints if possible.
C:\fakepath(385,33-90): warning X3571: pow(f, e) will not work for negative f, use abs(f) or conditionally handle negative values if you expect them
C:\fakepath(174,1-6): warning X4000: use of potentially uninitialized variable (dyn_index_vec4_float4)
C:\fakepath(289,25-29): error X4576: Input array signature parameter  cannot be indexed dynamically.

WARN: compileToBinary(259): 
C:\fakepath(366,75-84): warning X3556: integer divides may be much slower, try using uints if possible.
C:\fakepath(369,50-59): warning X3556: integer modulus may be much slower, try using uints if possible.
C:\fakepath(174,1-6): warning X4000: use of potentially uninitialized variable (dyn_index_vec4_float4)
C:\fakepath(225,1): warning X4000: use of potentially uninitialized variable (f_distance_aa)
C:\fakepath(262,1): warning X4000: use of potentially uninitialized variable (f_do_clip)

[Child 16768, Chrome_ChildThread] WARNING: pipe error: 109: file z:/task_1568728986/build/src/ipc/chromium/src/chrome/common/ipc_channel_win.cc, line 341
[Child 16768, Chrome_ChildThread] WARNING: pipe error: 109: file z:/task_1568728986/build/src/ipc/chromium/src/chrome/common/ipc_c
###!!! [Child][RunMessage] Error: Channel closing: too late to send/recv, messages will be lost

hannel_win.cc, line 341
1569593488562	Marionette	INFO	Listening on port 57698
1569593488607	Marionette	WARN	TLS certificate errors will be ignored for this session
JavaScript warning: https://static.adsafeprotected.com/sca.17.4.95.js, line 32: Array.slice is deprecated; use Array.prototype.slice instead
JavaScript error: https://cti.w55c.net/ct/cms-2.min.js, line 1: TypeError: s[i.parameter] is undefined
JavaScript warning: https://static.adsafeprotected.com/sca.17.4.95.js, line 32: Array.slice is deprecated; use Array.prototype.slice instead
JavaScript error: https://s0.2mdn.net/2007232/1563175162336/728x90.js?1560406562926, line 637: TypeError: this.replay_btn is undefined
JavaScript warning: https://staticv2-4.rottentomatoes.com/static/dist/common-pure-react.js, line 22370: unreachable code after return statement
JavaScript warning: https://staticv2-4.rottentomatoes.com/static/dist/common-pure-react.js, line 22370: unreachable code after return statement
JavaScript warning: https://cdnjs.cloudflare.com/ajax/libs/backbone.marionette/2.4.3/backbone.marionette.min.js, line 22: Using //@ to indicate sourceMappingURL pragmas is deprecated. Use //# instead
JavaScript warning: https://mathid.mathtag.com/d/i.js, line 1: unreachable code after return statement
JavaScript warning: https://mathid.mathtag.com/d/i.js, line 1: unreachable code after return statement
JavaScript warning: https://mathid.mathtag.com/d/i.js, line 1: unreachable code after return statement
JavaScript warning: https://mathid.mathtag.com/d/i.js, line 1: unreachable code after return statement
JavaScript warning: https://staticv2-4.rottentomatoes.com/static/dist/common-pure-react.js, line 22370: unreachable code after return statement
JavaScript warning: https://staticv2-4.rottentomatoes.com/static/dist/common-pure-react.js, line 22370: unreachable code after return statement
JavaScript warning: https://cdnjs.cloudflare.com/ajax/libs/backbone.marionette/2.4.3/backbone.marionette.min.js, line 22: Using //@ to indicate sourceMappingURL pragmas is deprecated. Use //# instead
JavaScript error: resource:///actors/PageStyleChild.jsm, line 35: SecurityError: Permission denied to access property "document" on cross-origin object
JavaScript error: , line 0: uncaught exception: Error: Error parsing mappings (code 1): the mappings contained a negative line, column, source index, or name index
JavaScript error: , line 0: uncaught exception: Error: Error parsing mappings (code 1): the mappings contained a negative line, column, source index, or name index
JavaScript error: , line 0: uncaught exception: Error: Error parsing mappings (code 1): the mappings contained a negative line, column, source index, or name index
JavaScript error: , line 0: uncaught exception: Error: Error parsing mappings (code 1): the mappings contained a negative line, column, source index, or name index
JavaScript error: , line 0: uncaught exception: Error: Error parsing mappings (code 1): the mappings contained a negative line, column, source index, or name index
JavaScript error: , line 0: uncaught exception: Error: Error parsing mappings (code 1): the mappings contained a negative line, column, source index, or name index
JavaScript error: , line 0: uncaught exception: Error: Error parsing mappings (code 1): the mappings contained a negative line, column, source index, or name index
JavaScript error: , line 0: uncaught exception: Error: Error parsing mappings (code 1): the mappings contained a negative line, column, source index, or name index
JavaScript error: , line 0: uncaught exception: Error: Error parsing mappings (code 1): the mappings contained a negative line, column, source index, or name index
JavaScript error: , line 0: uncaught exception: Error: Error parsing mappings (code 1): the mappings contained a negative line, column, source index, or name index
JavaScript error: , line 0: uncaught exception: Error: Error parsing mappings (code 1): the mappings contained a negative line, column, source index, or name index
JavaScript error: , line 0: uncaught exception: Error: Error parsing mappings (code 1): the mappings contained a negative line, column, source index, or name index
JavaScript error: , line 0: uncaught exception: Error: Error parsing mappings (code 1): the mappings contained a negative line, column, source index, or name index
JavaScript error: , line 0: uncaught exception: Error: Error parsing mappings (code 1): the mappings contained a negative line, column, source index, or name index
JavaScript error: , line 0: uncaught exception: Error: Error parsing mappings (code 1): the mappings contained a negative line, column, source index, or name index
JavaScript error: , line 0: uncaught exception: Error: Error parsing mappings (code 1): the mappings contained a negative line, column, source index, or name index
JavaScript error: , line 0: uncaught exception: Error: Error parsing mappings (code 1): the mappings contained a negative line, column, source index, or name index
JavaScript error: , line 0: uncaught exception: Error: Error parsing mappings (code 1): the mappings contained a negative line, column, source index, or name index
JavaScript error: , line 0: uncaught exception: Error: Error parsing mappings (code 1): the mappings contained a negative line, column, source index, or name index
JavaScript error: , line 0: uncaught exception: Error: Error parsing mappings (code 1): the mappings contained a negative line, column, source index, or name index
JavaScript error: , line 0: uncaught exception: Error: Error parsing mappings (code 1): the mappings contained a negative line, column, source index, or name index
JavaScript error: , line 0: uncaught exception: Error: Error parsing mappings (code 1): the mappings contained a negative line, column, source index, or name index
JavaScript error: , line 0: uncaught exception: Error: Error parsing mappings (code 1): the mappings contained a negative line, column, source index, or name index
JavaScript error: , line 0: uncaught exception: Error: Error parsing mappings (code 1): the mappings contained a negative line, column, source index, or name index
[Parent 9024, Gecko_IOThread] WARNING: pipe error: 109: file z:/task_1568728986/build/src/ipc/chromium/src/chrome/common/ipc_channel_win.cc, line 341
[Child 17264, Chrome_ChildThread] WARNING: pipe error: 109: file z:/task_1568728986/build/src/ipc/chromium/src/chrome/common/ipc_channel_win.cc, line 341
[Child 17264, Chrome_ChildThread] WARNING: pipe error: [Parent 9024, Gecko_IOThread] WARNING: pipe error: 109: file z:/task_1568728986/build/src/ipc/chromium/src/chrome/common/ipc_channel_win.cc, line 341
[Child 2892, Chrome_ChildThread] WARNING: pipe error: 109: file z:/task_1568728986/build/src/ipc/chromium/src/chrome/common/ipc_channel_win.cc, line 341
[Child 2892, Chrome_ChildThread] WAR[Child 17252, Chrome_ChildThread] WARNING: pipe error: 109: file z:/task_1568728986/build/src/ipc/chromium/src/chrome/common/ipc_channel_win.cc, line 341
1569594890164	Marionette	INFO	Stopped listening on port 57698

###!!! [Child][RunMessage] Error: Channel closing: too late to send/recv, messages will be lost


###!!! [Child][MessageChannel::SendAndWait] Error: Channel error: cannot send/recv

uncaught exception: Error: Error parsing mappings (code 1): the mappings contained a negative line, column, source index, or name index
JavaScript error: , line 0: uncaught exception: Error: Error parsing mappings (code 1): the mappings contained a negative line, column, source index, or name index
JavaScript error: , line 0: uncaught exception: Error: Error parsing mappings (code 1): the mappings contained a negative line, column, source index, or name index
JavaScript error: , line 0: uncaught exception: Error: Error parsing mappings (code 1): the mappings contained a negative line, column, source index, or name index
JavaScript error: , line 0: uncaught exception: Error: Error parsing mappings (code 1): the mappings contained a negative line, column, source index, or name index
JavaScript error: , line 0: uncaught exception: Error: Error parsing mappings (code 1): the mappings contained a negative line, column, source index, or name index
JavaScript error: , line 0: uncaught exception: Error: Error parsing mappings (code 1): the mappings contained a negative line, column, source index, or name index
JavaScript error: , line 0: uncaught exception: Error: Error parsing mappings (code 1): the mappings contained a negative line, column, source index, or name index
JavaScript error: , line 0: uncaught exception: Error: Error parsing mappings (code 1): the mappings contained a negative line, column, source index, or name index
JavaScript error: , line 0: uncaught exception: Error: Error parsing mappings (code 1): the mappings contained a negative line, column, source index, or name index
JavaScript error: , line 0: uncaught exception: Error: Error parsing mappings (code 1): the mappings contained a negative line, column, source index, or name index
JavaScript error: , line 0: uncaught exception: Error: Error parsing mappings (code 1): the mappings contained a negative line, column, source index, or name index
JavaScript error: , line 0: uncaught exception: Error: Error parsing mappings (code 1): the mappings contained a negative line, column, source index, or name index
JavaScript error: , line 0: uncaught exception: Error: Error parsing mappings (code 1): the mappings contained a negative line, column, source index, or name index
JavaScript error: , line 0: uncaught exception: Error: Error parsing mappings (code 1): the mappings contained a negative line, column, source index, or name index
JavaScript error: , line 0: uncaught exception: Error: Error parsing mappings (code 1): the mappings contained a negative line, column, source index, or name index
JavaScript error: , line 0: uncaught exception: Error: Error parsing mappings (code 1): the mappings contained a negative line, column, source index, or name index
JavaScript error: , line 0: uncaught exception: Error: Error parsing mappings (code 1): the mappings contained a negative line, column, source index, or name index
JavaScript error: , line 0: uncaught exception: Error: Error parsing mappings (code 1): the mappings contained a negative line, column, source index, or name index
JavaScript error: , line 0: uncaught exception: Error: Error parsing mappings (code 1): the mappings contained a negative line, column, source index, or name index
JavaScript error: , line 0: uncaught exception: Error: Error parsing mappings (code 1): the mappings contained a negative line, column, source index, or name index
JavaScript error: , line 0: uncaught exception: Error: Error parsing mappings (code 1): the mappings contained a negative line, column, source index, or name index
JavaScript error: , line 0: uncaught exception: Error: Error parsing mappings (code 1): the mappings contained a negative line, column, source index, or name index
JavaScript error: , line 0: uncaught exception: Error: Error parsing mappings (code 1): the mappings contained a negative line, column, source index, or name index
JavaScript error: , line 0: uncaught exception: Error: Error parsing mappings (code 1): the mappings contained a negative line, column, source index, or name index
JavaScript error: , line 0: uncaught exception: Error: Error parsing mappings (code 1): the mappings contained a negative line, column, source index, or name index
JavaScript error: , line 0: uncaught exception: Error: Error parsing mappings (code 1): the mappings contained a negative line, column, source index, or name index
JavaScript error: , line 0: uncaught exception: Error: Error parsing mappings (code 1): the mappings contained a negative line, column, source index, or name index
JavaScript error: , line 0: uncaught exception: Error: Error parsing mappings (code 1): the mappings contained a negative line, column, source index, or name index
JavaScript error: , line 0: uncaught exception: Error: Error parsing mappings (code 1): the mappings contained a negative line, column, source index, or name index
JavaScript error: , line 0: uncaught exception: Error: Error parsing mappings (code 1): the mappings contained a negative line, column, source index, or name index
JavaScript error: , line 0: uncaught exception: Error: Error parsing mappings (code 1): the mappings contained a negative line, column, source index, or name index
JavaScript error: , line 0: uncaught exception: Error: Error parsing mappings (code 1): the mappings contained a negative line, column, source index, or name index
JavaScript error: , line 0: uncaught exception: Error: Error parsing mappings (code 1): the mappings contained a negative line, column, source index, or name index
JavaScript error: , line 0: uncaught exception: Error: Error parsing mappings (code 1): the mappings contained a negative line, column, source index, or name index
JavaScript error: , line 0: uncaught exception: Error: Error parsing mappings (code 1): the mappings contained a negative line, column, source index, or name index
JavaScript error: , line 0: uncaught exception: Error: Error parsing mappings (code 1): the mappings contained a negative line, column, source index, or name index
JavaScript error: , line 0: uncaught exception: Error: Error parsing mappings (code 1): the mappings contained a negative line, column, source index, or name index
JavaScript error: , line 0: uncaught exception: Error: Error parsing mappings (code 1): the mappings contained a negative line, column, source index, or name index
JavaScript error: , line 0: uncaught exception: Error: Error parsing mappings (code 1): the mappings contained a negative line, column, source index, or name index
JavaScript error: , line 0: uncaught exception: Error: Error parsing mappings (code 1): the mappings contained a negative line, column, source index, or name index
JavaScript error: , line 0: uncaught exception: Error: Error parsing mappings (code 1): the mappings contained a negative line, column, source index, or name index
JavaScript error: , line 0: uncaught exception: Error: Error parsing mappings (code 1): the mappings contained a negative line, column, source index, or name index
JavaScript error: , line 0: uncaught exception: Error: Error parsing mappings (code 1): the mappings contained a negative line, column, source index, or name index
JavaScript error: , line 0: uncaught exception: Error: Error parsing mappings (code 1): the mappings contained a negative line, column, source index, or name index
JavaScript error: , line 0: uncaught exception: Error: Error parsing mappings (code 1): the mappings contained a negative line, column, source index, or name index
JavaScript error: , line 0: uncaught exception: Error: Error parsing mappings (code 1): the mappings contained a negative line, column, source index, or name index
JavaScript error: , line 0: uncaught exception: Error: Error parsing mappings (code 1): the mappings contained a negative line, column, source index, or name index
JavaScript error: , line 0: uncaught exception: Error: Error parsing mappings (code 1): the mappings contained a negative line, column, source index, or name index
JavaScript error: , line 0: uncaught exception: Error: Error parsing mappings (code 1): the mappings contained a negative line, column, source index, or name index
JavaScript error: , line 0: uncaught exception: Error: Error parsing mappings (code 1): the mappings contained a negative line, column, source index, or name index
JavaScript error: , line 0: uncaught exception: Error: Error parsing mappings (code 1): the mappings contained a negative line, column, source index, or name index
JavaScript error: , line 0: uncaught exception: Error: Error parsing mappings (code 1): the mappings contained a negative line, column, source index, or name index
JavaScript error: , line 0: uncaught exception: Error: Error parsing mappings (code 1): the mappings contained a negative line, column, source index, or name index
JavaScript error: , line 0: uncaught exception: Error: Error parsing mappings (code 1): the mappings contained a negative line, column, source index, or name index
JavaScript error: , line 0: uncaught exception: Error: Error parsing mappings (code 1): the mappings contained a negative line, column, source index, or name index
JavaScript error: , line 0: uncaught exception: Error: Error parsing mappings (code 1): the mappings contained a negative line, column, source index, or name index
JavaScript error: , line 0: uncaught exception: Error: Error parsing mappings (code 1): the mappings contained a negative line, column, source index, or name index
JavaScript error: , line 0: uncaught exception: Error: Error parsing mappings (code 1): the mappings contained a negative line, column, source index, or name index
JavaScript error: , line 0: uncaught exception: Error: Error parsing mappings (code 1): the mappings contained a negative line, column, source index, or name index
JavaScript error: , line 0: uncaught exception: Error: Error parsing mappings (code 1): the mappings contained a negative line, column, source index, or name index
JavaScript error: , line 0: uncaught exception: Error: Error parsing mappings (code 1): the mappings contained a negative line, column, source index, or name index
JavaScript error: , line 0: uncaught exception: Error: Error parsing mappings (code 1): the mappings contained a negative line, column, source index, or name index
JavaScript error: , line 0: uncaught exception: Error: Error parsing mappings (code 1): the mappings contained a negative line, column, source index, or name index
JavaScript error: , line 0: uncaught exception: Error: Error parsing mappings (code 1): the mappings contained a negative line, column, source index, or name index
JavaScript error: , line 0: uncaught exception: Error: Error parsing mappings (code 1): the mappings contained a negative line, column, source index, or name index
JavaScript error: , line 0: uncaught exception: Error: Error parsing mappings (code 1): the mappings contained a negative line, column, source index, or name index
JavaScript error: , line 0: uncaught exception: Error: Error parsing mappings (code 1): the mappings contained a negative line, column, source index, or name index
JavaScript error: , line 0: uncaught exception: Error: Error parsing mappings (code 1): the mappings contained a negative line, column, source index, or name index
JavaScript error: , line 0: uncaught exception: Error: Error parsing mappings (code 1): the mappings contained a negative line, column, source index, or name index
JavaScript error: , line 0: uncaught exception: Error: Error parsing mappings (code 1): the mappings contained a negative line, column, source index, or name index
JavaScript error: , line 0: uncaught exception: Error: Error parsing mappings (code 1): the mappings contained a negative line, column, source index, or name index
JavaScript error: , line 0: uncaught exception: Error: Error parsing mappings (code 1): the mappings contained a negative line, column, source index, or name index
JavaScript error: , line 0: uncaught exception: Error: Error parsing mappings (code 1): the mappings contained a negative line, column, source index, or name index
JavaScript error: , line 0: uncaught exception: Error: Error parsing mappings (code 1): the mappings contained a negative line, column, source index, or name index
JavaScript error: , line 0: uncaught exception: Error: Error parsing mappings (code 1): the mappings contained a negative line, column, source index, or name index
JavaScript warning: https://staticv2-4.rottentomatoes.com/static/dist/common-pure-react.js, line 22370: unreachable code after return statement
JavaScript warning: https://staticv2-4.rottentomatoes.com/static/dist/common-pure-react.js, line 22370: unreachable code after return statement
JavaScript error: , line 0: uncaught exception: Error: Error parsing mappings (code 1): the mappings contained a negative line, column, source index, or name index
JavaScript error: , line 0: uncaught exception: Error: Error parsing mappings (code 1): the mappings contained a negative line, column, source index, or name index
JavaScript error: , line 0: uncaught exception: Error: Error parsing mappings (code 1): the mappings contained a negative line, column, source index, or name index
JavaScript error: , line 0: uncaught exception: Error: Error parsing mappings (code 1): the mappings contained a negative line, column, source index, or name index
JavaScript error: , line 0: uncaught exception: Error: Error parsing mappings (code 1): the mappings contained a negative line, column, source index, or name index
JavaScript error: , line 0: uncaught exception: Error: Error parsing mappings (code 1): the mappings contained a negative line, column, source index, or name index
JavaScript error: , line 0: uncaught exception: Error: Error parsing mappings (code 1): the mappings contained a negative line, column, source index, or name index
console.error: "Error while calling actor 'layout's method 'getGrids'" "node is null"
console.error: "getGrids@resource://devtools/server/actors/layout.js:501:26\ngetGrids@resource://devtools/server/actors/layout.js:506:43\nhandler@resource://devtools/shared/protocol/Actor.js:154:37\nonPacket@resource://devtools/server/main.js:1402:58\nreceiveMessage@resource://devtools/shared/transport/child-transport.js:66:16\n"
console.error: "Error while calling actor 'layout's method 'getGrids'" "node is null"
console.error: "getGrids@resource://devtools/server/actors/layout.js:501:26\ngetGrids@resource://devtools/server/actors/layout.js:506:43\nhandler@resource://devtools/shared/protocol/Actor.js:154:37\nonPacket@resource://devtools/server/main.js:1402:58\nreceiveMessage@resource://devtools/shared/transport/child-transport.js:66:16\n"
JavaScript warning: https://cdnjs.cloudflare.com/ajax/libs/backbone.marionette/2.4.3/backbone.marionette.min.js, line 22: Using //@ to indicate sourceMappingURL pragmas is deprecated. Use //# instead
console.error: "Error while calling actor 'layout's method 'getGrids'" "node is null"
console.error: "getGrids@resource://devtools/server/actors/layout.js:501:26\ngetGrids@resource://devtools/server/actors/layout.js:506:43\ngetGrids@resource://devtools/server/actors/layout.js:506:43\ngetGrids@resource://devtools/server/actors/layout.js:506:43\nhandler@resource://devtools/shared/protocol/Actor.js:154:37\nonPacket@resource://devtools/server/main.js:1402:58\nreceiveMessage@resource://devtools/shared/transport/child-transport.js:66:16\n"
console.error: "Error while calling actor 'layout's method 'getGrids'" "node is null"
console.error: "getGrids@resource://devtools/server/actors/layout.js:501:26\ngetGrids@resource://devtools/server/actors/layout.js:506:43\ngetGrids@resource://devtools/server/actors/layout.js:506:43\nhandler@resource://devtools/shared/protocol/Actor.js:154:37\nonPacket@resource://devtools/server/main.js:1402:58\nreceiveMessage@resource://devtools/shared/transport/child-transport.js:66:16\n"
[Parent 15280, Gecko_IOThread] WARNING: pipe error: 109: file z:/task_1568728986/build/src/ipc/chromium/src/chrome/common/ipc_channel_win.cc, line 341
[Child 15128, Chrome_ChildThread] WARNING: pipe error: 109: file z:/task_1568728986/build/src/ipc/chromium/src/chrome/common/ipc_channel_win.cc, line 341
[Child 15128, Chrome_ChildThread] WARNING: pipe error: 109: file z:/task_1568728986/build/src/ipc/chromium/src/chrome/common/ipc_channel_win.cc, line 341
[Parent 15280, Gecko_IOThread] WARNING: pipe error: 109: file z:/task_1568728986/build/src/ipc/chromium/src/chrome/common/ipc_channel_win.cc, line 341
[Child 15480, Chrome_ChildThread] WARNING: pipe error: 109: file z:/task_1568728986/build/src/ipc/chromium/src/chrome/common/ipc_channel_win.cc, line 341

###!!! [Child][MessageChannel] Error: (msgtype=0x3600C0,name=PContent::Msg_ScriptError) Channel closing: too late to send/recv, messages will be lost

[Child 15480, Chrome_ChildThread] WARNING: pipe error: 109: file z:/task_1568728986/build/src/ipc/chromium/src/chrome/common/ipc_channel_win.cc, line 341
1569594896345	Marionette	INFO	Stopped listening on port 58197
[GPU 508, 
###!!! [Child][RunMessage] Error: Channel closing: too late to send/recv, messages will be lost

Chrome_ChildThread] WARNING: pipe error: 109: file z:/task_1568728986/build/src/ipc/chromium/src/chro
###!!! [Child][MessageChannel::SendAndWait] Error: Channel error: cannot send/recv

:\fakepath(369,50-59): warning X3556: integer modulus may be much slower, try using uints if possible.
C:\fakepath(385,33-90): warning X3571: pow(f, e) will not work for negative f, use abs(f) or conditionally handle negative values if you expect them
C:\fakepath(174,1-6): warning X4000: use of potentially uninitialized variable (dyn_index_vec4_float4)
C:\fakepath(289,25-29): error X4576: Input array signature parameter  cannot be indexed dynamically.

WARN: compileToBinary(259): 
C:\fakepath(337,18-133): warning X3571: pow(f, e) will not work for negative f, use abs(f) or conditionally handle negative values if you expect them
C:\fakepath(343,62-116): warning X3571: pow(f, e) will not work for negative f, use abs(f) or conditionally handle negative values if you expect them
C:\fakepath(366,75-84): warning X3556: integer divides may be much slower, try using uints if possible.
C:\fakepath(369,50-59): warning X3556: integer modulus may be much slower, try using uints if possible.
C:\fakepath(385,33-90): warning X3571: pow(f, e) will not work for negative f, use abs(f) or conditionally handle negative values if you expect them
C:\fakepath(174,1-6): warning X4000: use of potentially uninitialized variable (dyn_index_vec4_float4)
C:\fakepath(289,25-29): error X4576: Input array signature parameter  cannot be indexed dynamically.

WARN: compileToBinary(259): 
C:\fakepath(366,75-84): warning X3556: integer divides may be much slower, try using uints if possible.
C:\fakepath(369,50-59): warning X3556: integer modulus may be much slower, try using uints if possible.
C:\fakepath(174,1-6): warning X4000: use of potentially uninitialized variable (dyn_index_vec4_float4)
C:\fakepath(225,1): warning X4000: use of potentially uninitialized variable (f_distance_aa)
C:\fakepath(262,1): warning X4000: use of potentially uninitialized variable (f_do_clip)

[Parent 6760, Gecko_IOThread] WARNING: pipe error: 109: file z:/task_1568728986/build/src/ipc/chromium/src/chrome/common/ipc_channel_win.cc, line 341
[Child 17300, Chrome_ChildThread] WARNING: pipe error: 109: file z:/task_1568728986/build/src/ipc/chromium/src/chrome/common/ipc_channel_win.cc, line 341
[Child 17300, C1569594895243	Marionette	INFO	Listening on port 58841
1569594895631	Marionette	WARN	TLS certificate errors will be ignored for this session
JavaScript warning: https://staticv2-4.rottentomatoes.com/static/dist/common-pure-react.js, line 22370: unreachable code after return statement
JavaScript warning: https://staticv2-4.rottentomatoes.com/static/dist/common-pure-react.js, line 22370: unreachable code after return statement
JavaScript warning: https://cdnjs.cloudflare.com/ajax/libs/backbone.marionette/2.4.3/backbone.marionette.min.js, line 22: Using //@ to indicate sourceMappingURL pragmas is deprecated. Use //# instead
[Parent 6760, Gecko_IOThread] WARNING: file z:/task_1568728986/build/src/ipc/chromium/src/chrome/common/ipc_channel_win.cc, line 307
[Parent 6760, Gecko_IOThread] WARNING: file z:/task_1568728986/build/src/ipc/chromium/src/chrome/common/ipc_channel_win.cc, line 307
JavaScript warning: https://mathid.mathtag.com/d/i.js, line 1: unreachable code after return statement
JavaScript warning: https://mathid.mathtag.com/d/i.js, line 1: unreachable code after return statement
JavaScript warning: https://mathid.mathtag.com/d/i.js, line 1: unreachable code after return statement
JavaScript warning: https://mathid.mathtag.com/d/i.js, line 1: unreachable code after return statement
JavaScript error: , line 0: uncaught exception: Error: Error parsing mappings (code 1): the mappings contained a negative line, column, source index, or name index
JavaScript error: , line 0: uncaught exception: Error: Error parsing mappings (code 1): the mappings contained a negative line, column, source index, or name index
JavaScript error: , line 0: uncaught exception: Error: Error parsing mappings (code 1): the mappings contained a negative line, column, source index, or name index
JavaScript error: , line 0: uncaught exception: Error: Error parsing mappings (code 1): the mappings contained a negative line, column, source index, or name index
JavaScript error: , line 0: uncaught exception: Error: Error parsing mappings (code 1): the mappings contained a negative line, column, source index, or name index
JavaScript error: , line 0: uncaught exception: Error: Error parsing mappings (code 1): the mappings contained a negative line, column, source index, or name index
JavaScript error: , line 0: uncaught exception: Error: Error parsing mappings (code 1): the mappings contained a negative line, column, source index, or name index
JavaScript error: , line 0: uncaught exception: Error: Error parsing mappings (code 1): the mappings contained a negative line, column, source index, or name index
JavaScript error: , line 0: uncaught exception: Error: Error parsing mappings (code 1): the mappings contained a negative line, column, source index, or name index
JavaScript error: , line 0: uncaught exception: Error: Error parsing mappings (code 1): the mappings contained a negative line, column, source index, or name index
JavaScript error: , line 0: uncaught exception: Error: Error parsing mappings (code 1): the mappings contained a negative line, column, source index, or name index
JavaScript error: , line 0: uncaught exception: Error: Error parsing mappings (code 1): the mappings contained a negative line, column, source index, or name index
JavaScript error: , line 0: uncaught exception: Error: Error parsing mappings (code 1): the mappings contained a negative line, column, source index, or name index
JavaScript error: , line 0: uncaught exception: Error: Error parsing mappings (code 1): the mappings contained a negative line, column, source index, or name index
JavaScript error: , line 0: uncaught exception: Error: Error parsing mappings (code 1): the mappings contained a negative line, column, source index, or name index
JavaScript error: , line 0: uncaught exception: Error: Error parsing mappings (code 1): the mappings contained a negative line, column, source index, or name index
JavaScript error: , line 0: uncaught exception: Error: Error parsing mappings (code 1): the mappings contained a negative line, column, source index, or name index
JavaScript error: , line 0: uncaught exception: Error: Error parsing mappings (code 1): the mappings contained a negative line, column, source index, or name index
JavaScript error: , line 0: uncaught exception: Error: Error parsing mappings (code 1): the mappings contained a negative line, column, source index, or name index
JavaScript error: , line 0: uncaught exception: Error: Error parsing mappings (code 1): the mappings contained a negative line, column, source index, or name index
JavaScript error: , line 0: uncaught exception: Error: Error parsing mappings (code 1): the mappings contained a negative line, column, source index, or name index
JavaScript error: , line 0: uncaught exception: Error: Error parsing mappings (code 1): the mappings contained a negative line, column, source index, or name index
JavaScript error: , line 0: uncaught exception: Error: Error parsing mappings (code 1): the mappings contained a negative line, column, source index, or name index
JavaScript error: , line 0: uncaught exception: Error: Error parsing mappings (code 1): the mappings contained a negative line, column, source index, or name index
[Parent 6760, Gecko_IOThread] WARNING: file z:/task_1568728986/build/src/ipc/chromium/src/chrome/common/ipc_channel_win.cc, line 307
[Parent 6760, Gecko_IOThread] WARNING: file z:/task_1568728986/build/src/ipc/chromium/src/chrome/common/ipc_channel_win.cc, line 307
JavaScript error: resource://gre/modules/LoginManagerContent.jsm, line 796: SecurityError: Permission denied to access property "document" on cross-origin object
JavaScript error: resource://gre/modules/LoginManagerContent.jsm, line 796: SecurityError: Permission denied to access property "document" on cross-origin object
1569597558303	mozrunner::runner	INFO	Running command: "C:\\Program Files\\Mozilla Firefox\\firefox.exe" "-marionette" "-foreground" "-no-remote" "-profile" "C:\\Users\\jy\\AppData\\Local\\Temp\\rust_mozprofile48oeRx"
1569597559275	addons.webextension.screenshots@mozilla.org	WARN	Loading extension 'screenshots@mozilla.org': Reading manifest: Invalid extension permission: mozillaAddons
1569597559276	addons.webextension.screenshots@mozilla.org	WARN	Loading extension 'screenshots@mozilla.org': Reading manifest: Invalid extension permission: telemetry
1569597559276	addons.webextension.screenshots@mozilla.org	WARN	Loading extension 'screenshots@mozilla.org': Reading manifest: Invalid extension permission: resource://pdf.js/
1569597559276	addons.webextension.screenshots@mozilla.org	WARN	Loading extension 'screenshots@mozilla.org': Reading manifest: Invalid extension permission: about:reader*
JavaScript error: resource://gre/modules/XULStore.jsm, line 66: Error: Can't find profile directory.
WARN: compileToBinary(259): 
C:\fakepath(337,18-133): warning X3571: pow(f, e) will not work for negative f, use abs(f) or conditionally handle negative values if you expect them
C:\fakepath(343,62-116): warning X3571: pow(f, e) will not work for negative f, use abs(f) or conditionally handle negative values if you expect them
C:\fakepath(366,75-84): warning X3556: integer divides may be much slower, try using uints if possible.
C:\fakepath(369,50-59): warning X3556: integer modulus may be much slower, try using uints if possible.
C:\fakepath(385,33-90): warning X3571: pow(f, e) will not work for negative f, use abs(f) or conditionally handle negative values if you expect them
C:\fakepath(174,1-6): warning X4000: use of potentially uninitialized variable (dyn_index_vec4_float4)
C:\fakepath(289,25-29): error X4576: Input array signature parameter  cannot be indexed dynamically.

WARN: compileToBinary(259): 
C:\fakepath(337,18-133): warning X3571: pow(f, e) will not work for negative f, use abs(f) or conditionally handle negative values if you expect them
C:\fakepath(343,62-116): warning X3571: pow(f, e) will not work for negative f, use abs(f) or conditionally handle negative values if you expect them
C:\fakepath(366,75-84): warning X3556: integer divides may be much slower, try using uints if possible.
C:\fakepath(369,50-59): warning X3556: integer modulus may be much slower, try using uints if possible.
C:\fakepath(385,33-90): warning X3571: pow(f, e) will not work for negative f, use abs(f) or conditionally handle negative values if you expect them
C:\fakepath(174,1-6): warning X4000: use of potentially uninitialized variable (dyn_index_vec4_float4)
C:\fakepath(289,25-29): error X4576: Input array signature parameter  cannot be indexed dynamically.

WARN: compileToBinary(259): 
C:\fakepath(366,75-84): warning X3556: integer divides may be much slower, try using uints if possible.
C:\fakepath(369,50-59): warning X3556: integer modulus may be much slower, try using uints if possible.
C:\fakepath(174,1-6): warning X4000: use of potentially uninitialized variable (dyn_index_vec4_float4)
C:\fakepath(225,1): warning X4000: use of potentially uninitialized variable (f_distance_aa)
C:\fakepath(262,1): warning X4000: use of potentially uninitialized variable (f_do_clip)

[Parent 16256, Gecko_IOThread] WARNING: pipe error: 109: file z:/task_1568728986/build/src/ipc/chromium/src/chrome/common/ipc_channel_win.cc, line 341
[Child 1564, Chrome_ChildThread] WARNING: pipe error: 109: file z:/task_1568728986/build/src/ipc/chromium/src/chrome/common/ipc_channel_win.cc, line 341
[Child 1564, Chrome_ChildThread] WARNING: pipe error: 109: file z:/task_1568728986/build/src/ipc/chromium/src/chrome/common/ipc_channel_win.cc, line 341

###!!! [Child][RunMessage] Error: Channel closing: too late to send/recv, messages will be lost

1569597563393	Marionette	INFO	Listening on port 60022
1569597563519	Marionette	WARN	TLS certificate errors will be ignored for this session
JavaScript warning: https://staticv2-4.rottentomatoes.com/static/dist/common-pure-react.js, line 22370: unreachable code after return statement
JavaScript warning: https://staticv2-4.rottentomatoes.com/static/dist/common-pure-react.js, line 22370: unreachable code after return statement
JavaScript warning: https://cdnjs.cloudflare.com/ajax/libs/backbone.marionette/2.4.3/backbone.marionette.min.js, line 22: Using //@ to indicate sourceMappingURL pragmas is deprecated. Use //# instead
JavaScript warning: https://mathid.mathtag.com/d/i.js, line 1: unreachable code after return statement
JavaScript warning: https://mathid.mathtag.com/d/i.js, line 1: unreachable code after return statement
JavaScript warning: https://mathid.mathtag.com/d/i.js, line 1: unreachable code after return statement
JavaScript warning: https://mathid.mathtag.com/d/i.js, line 1: unreachable code after return statement
[Parent 16256, Gecko_IOThread] WARNING: pipe error: 109: file z:/task_1568728986/build/src/ipc/chromium/src/chrome/common/ipc_channel_win.cc, line 341
[Parent 16256, Gecko_IOThread] WARNING: pipe error: 109: file z:/task_1568728986/build/src/ipc/chromium/src/chrome/common/ipc_channel_win.cc, line 341
[Child 3616, Chrome_ChildThread] WARNING: pipe error: 109: file z:/task_1568728986/build/src/ipc/chromium/src/chrome/common/ipc_channel_win.cc, line 341
[Child 3616, [Child 16156, Chrome_ChildThread] WARNING: pipe er1569597629090	Marionette	INFO	Stopped listening on port 60022
[GPU 3140, Chrome_ChildThread] WARNING: pipe error
###!!! [Child][RunMessage] Error: Channel closing: too late to send/recv, messages will be lost

: 109: file z:/task_1568728986/build/src/ipc/chromium/src/chrome
###!!! [Child][MessageChannel::SendAndWait] Error: Channel error: cannot send/recv

about:reader*
JavaScript error: resource://gre/modules/XULStore.jsm, line 66: Error: Can't find profile directory.
WARN: compileToBinary(259): 
C:\fakepath(337,18-133): warning X3571: pow(f, e) will not work for negative f, use abs(f) or conditionally handle negative values if you expect them
C:\fakepath(343,62-116): warning X3571: pow(f, e) will not work for negative f, use abs(f) or conditionally handle negative values if you expect them
C:\fakepath(366,75-84): warning X3556: integer divides may be much slower, try using uints if possible.
C:\fakepath(369,50-59): warning X3556: integer modulus may be much slower, try using uints if possible.
C:\fakepath(385,33-90): warning X3571: pow(f, e) will not work for negative f, use abs(f) or conditionally handle negative values if you expect them
C:\fakepath(174,1-6): warning X4000: use of potentially uninitialized variable (dyn_index_vec4_float4)
C:\fakepath(289,25-29): error X4576: Input array signature parameter  cannot be indexed dynamically.

WARN: compileToBinary(259): 
C:\fakepath(337,18-133): warning X3571: pow(f, e) will not work for negative f, use abs(f) or conditionally handle negative values if you expect them
C:\fakepath(343,62-116): warning X3571: pow(f, e) will not work for negative f, use abs(f) or conditionally handle negative values if you expect them
C:\fakepath(366,75-84): warning X3556: integer divides may be much slower, try using uints if possible.
C:\fakepath(369,50-59): warning X3556: integer modulus may be much slower, try using uints if possible.
C:\fakepath(385,33-90): warning X3571: pow(f, e) will not work for negative f, use abs(f) or conditionally handle negative values if you expect them
C:\fakepath(174,1-6): warning X4000: use of potentially uninitialized variable (dyn_index_vec4_float4)
C:\fakepath(289,25-29): error X4576: Input array signature parameter  cannot be indexed dynamically.

WARN: compileToBinary(259): 
C:\fakepath(366,75-84): warning X3556: integer divides may be much slower, try using uints if possible.
C:\fakepath(369,50-59): warning X3556: integer modulus may be much slower, try using uints if possible.
C:\fakepath(174,1-6): warning X4000: use of potentially uninitialized variable (dyn_index_vec4_float4)
C:\fakepath(225,1): warning X4000: use of potentially uninitialized variable (f_distance_aa)
C:\fakepath(262,1): warning X4000: use of potentially uninitialized variable (f_do_clip)

[Child 9280, Chrome_ChildThread] WARNING: pipe error: 109: file z:/task_1568728986/build/src/ipc/chromium/src/chrome/common/ipc_channel_win.cc, line 341
[Child 9280, Chrome_ChildThread1569597625196	Marionette	INFO	Listening on port 60261
1569597625250	Marionette	WARN	TLS certificate errors will be ignored for this session
JavaScript warning: https://staticv2-4.rottentomatoes.com/static/dist/common-pure-react.js, line 22370: unreachable code after return statement
JavaScript warning: https://staticv2-4.rottentomatoes.com/static/dist/common-pure-react.js, line 22370: unreachable code after return statement
JavaScript warning: https://cdnjs.cloudflare.com/ajax/libs/backbone.marionette/2.4.3/backbone.marionette.min.js, line 22: Using //@ to indicate sourceMappingURL pragmas is deprecated. Use //# instead
JavaScript warning: https://mathid.mathtag.com/d/i.js, line 1: unreachable code after return statement
JavaScript warning: https://mathid.mathtag.com/d/i.js, line 1: unreachable code after return statement
JavaScript warning: https://mathid.mathtag.com/d/i.js, line 1: unreachable code after return statement
JavaScript warning: https://mathid.mathtag.com/d/i.js, line 1: unreachable code after return statement
JavaScript error: resource://gre/modules/LoginManagerContent.jsm, line 796: SecurityError: Permission denied to access property "document" on cross-origin object
JavaScript error: resource:///actors/PageStyleChild.jsm, line 35: SecurityError: Permission denied to access property "document" on cross-origin object
JavaScript warning: https://staticv2-4.rottentomatoes.com/static/dist/common-pure-react.js, line 22370: unreachable code after return statement
JavaScript warning: https://staticv2-4.rottentomatoes.com/static/dist/common-pure-react.js, line 22370: unreachable code after return statement
JavaScript warning: https://cdnjs.cloudflare.com/ajax/libs/backbone.marionette/2.4.3/backbone.marionette.min.js, line 22: Using //@ to indicate sourceMappingURL pragmas is deprecated. Use //# instead
JavaScript error: resource:///actors/PageStyleChild.jsm, line 35: SecurityError: Permission denied to access property "document" on cross-origin object
[Child 16568, Chrome_ChildThread] WARNING: pipe error: 109: file z:/task_1568728986/build/src/ipc/chromium/src/chrome/common/ipc_channel_win.cc, line 341
[Child 13032, Chrome_ChildThread] WARNING: pipe error: 109: fi1569597685934	addons.webextension.screenshots@mozilla.org	WARN	Loading extension 'screenshots@mozilla.org': Reading manifest: Invalid extension permission: mozillaAddons
1569597685934	addons.webextension.screenshots@mozilla.org	WARN	Loading extens[Parent 10200, Gecko_IOThread] WARNING: pipe error: 109: file z:/task_1568728986/build/src/ipc/chromium/src/chrome/common/ipc_channel_win.cc, line 341
[Child 15228, Chrome_ChildThread] WARNING: pipe error: 109: file z:/task_1568728986/build/src/ipc/chromium/src/chrome/common/ipc_channel_win.cc, line 341
[Child 15228, Chrome_ChildThread] WARNING: pipe error: 109: file z:/task_1568728986/build/src/ipc/chromium/src/chrome/common/ipc_cJavaScript error: resource://gre/modules/XULStore.jsm, line 66: Error: Can't find profile directory.
WARN: compileToBinary(259): 
C:\fakepath(337,18-133): warning X3571: pow(f, e) will not work for negative f, use abs(f) or conditionally handle negative values if you expect them
C:\fakepath(343,62-116): warning X3571: pow(f, e) will not work for negative f, use abs(f) or conditionally handle negative values if you expect them
C:\fakepath(366,75-84): warning X3556: integer divides may be much slower, try using uints if possible.
C:\fakepath(369,50-59): warning X3556: integer modulus may be much slower, try using uints if possible.
C:\fakepath(385,33-90): warning X3571: pow(f, e) will not work for negative f, use abs(f) or conditionally handle negative values if you expect them
C:\fakepath(174,1-6): warning X4000: use of potentially uninitialized variable (dyn_index_vec4_float4)
C:\fakepath(289,25-29): error X4576: Input array signature parameter  cannot be indexed dynamically.

WARN: compileToBinary(259): 
C:\fakepath(337,18-133): warning X3571: pow(f, e) will not work for negative f, use abs(f) or conditionally handle negative values if you expect them
C:\fakepath(343,62-116): warning X3571: pow(f, e) will not work for negative f, use abs(f) or conditionally handle negative values if you expect them
C:\fakepath(366,75-84): warning X3556: integer divides may be much slower, try using uints if possible.
C:\fakepath(369,50-59): warning X3556: integer modulus may be much slower, try using uints if possible.
C:\fakepath(385,33-90): warning X3571: pow(f, e) will not work for negative f, use abs(f) or conditionally handle negative values if you expect them
C:\fakepath(174,1-6): warning X4000: use of potentially uninitialized variable (dyn_index_vec4_float4)
C:\fakepath(289,25-29): error X4576: Input array signature parameter  cannot be indexed dynamically.

WARN: compileToBinary(259): 
C:\fakepath(366,75-84): warning X3556: integer divides may be much slower, try using uints if possible.
C:\fakepath(369,50-59): warning X3556: integer modulus may be much slower, try using uints if possible.
C:\fakepath(174,1-6): warning X4000: use of potentially uninitialized variable (dyn_index_vec4_float4)
C:\fakepath(225,1): warning X4000: use of potentially uninitialized variable (f_distance_aa)
C:\fakepath(262,1): warning X4000: use of potentially uninitialized variable (f_do_clip)

[Child 2880, Chrome_ChildThread] WARNING: pipe error: 109: file z:/task_1568728986/build/src/ipc/chromium/src/chrome/common/ipc_channel_win.cc, line 341
[Child 2880, Ch1569597689923	Marionette	INFO	Listening on port 60554
1569597690374	Marionette	WARN	TLS certificate errors will be ignored for this session
JavaScript warning: https://staticv2-4.rottentomatoes.com/static/dist/common-pure-react.js, line 22370: unreachable code after return statement
JavaScript warning: https://staticv2-4.rottentomatoes.com/static/dist/common-pure-react.js, line 22370: unreachable code after return statement
JavaScript warning: https://cdnjs.cloudflare.com/ajax/libs/backbone.marionette/2.4.3/backbone.marionette.min.js, line 22: Using //@ to indicate sourceMappingURL pragmas is deprecated. Use //# instead
JavaScript warning: https://mathid.mathtag.com/d/i.js, line 1: unreachable code after return statement
JavaScript warning: https://mathid.mathtag.com/d/i.js, line 1: unreachable code after return statement
JavaScript warning: https://mathid.mathtag.com/d/i.js, line 1: unreachable code after return statement
JavaScript warning: https://mathid.mathtag.com/d/i.js, line 1: unreachable code after return statement
[Child 16280, Chrome_ChildThread] WARNING: pipe error: 109: file z:/task_1568728986/build/src/ipc/chromium/src/chrome/common/ipc_channel_win.cc, line 341
[Child 16280, Chrome_ChildThread] WARNING: pipe error: 109: file z:/task_1568728986/build/src/ipc[Parent 11272, Gecko_IOThread] WARNING: pipe error: 109: file z:/task_1568728986/build/src/ipc/chromium/src/chrome/common/ipc_channel_win.cc, line 341
1569597731330	Marionette	INFO	Stopped listening on port 60554

###!!! [Child][MessageChannel::SendAndWait] Error: Channel error: cannot send/recv

1569597730524	addons.webextension.screenshots@mozilla.org	WARN	Loading extension 'screenshots@mozilla.org': Reading manifest: Invalid extension permission: resource://pdf.js/
1569597730524	addons.webextension.screenshots@mozilla.org	WARN	Loading extension 'screenshots@mozilla.org': Reading manifest: Invalid extension permission: about:reader*
JavaScript error: resource://gre/modules/XULStore.jsm, line 66: Error: Can't find profile directory.
WARN: compileToBinary(259): 
C:\fakepath(337,18-133): warning X3571: pow(f, e) will not work for negative f, use abs(f) or conditionally handle negative values if you expect them
C:\fakepath(343,62-116): warning X3571: pow(f, e) will not work for negative f, use abs(f) or conditionally handle negative values if you expect them
C:\fakepath(366,75-84): warning X3556: integer divides may be much slower, try using uints if possible.
C:\fakepath(369,50-59): warning X3556: integer modulus may be much slower, try using uints if possible.
C:\fakepath(385,33-90): warning X3571: pow(f, e) will not work for negative f, use abs(f) or conditionally handle negative values if you expect them
C:\fakepath(174,1-6): warning X4000: use of potentially uninitialized variable (dyn_index_vec4_float4)
C:\fakepath(289,25-29): error X4576: Input array signature parameter  cannot be indexed dynamically.

WARN: compileToBinary(259): 
C:\fakepath(337,18-133): warning X3571: pow(f, e) will not work for negative f, use abs(f) or conditionally handle negative values if you expect them
C:\fakepath(343,62-116): warning X3571: pow(f, e) will not work for negative f, use abs(f) or conditionally handle negative values if you expect them
C:\fakepath(366,75-84): warning X3556: integer divides may be much slower, try using uints if possible.
C:\fakepath(369,50-59): warning X3556: integer modulus may be much slower, try using uints if possible.
C:\fakepath(385,33-90): warning X3571: pow(f, e) will not work for negative f, use abs(f) or conditionally handle negative values if you expect them
C:\fakepath(174,1-6): warning X4000: use of potentially uninitialized variable (dyn_index_vec4_float4)
C:\fakepath(289,25-29): error X4576: Input array signature parameter  cannot be indexed dynamically.

WARN: compileToBinary(259): 
C:\fakepath(366,75-84): warning X3556: integer divides may be much slower, try using uints if possible.
C:\fakepath(369,50-59): warning X3556: integer modulus may be much slower, try using uints if possible.
C:\fakepath(174,1-6): warning X4000: use of potentially uninitialized variable (dyn_index_vec4_float4)
C:\fakepath(225,1): warning X4000: use of potentially uninitialized variable (f_distance_aa)
C:\fakepath(262,1): warning X4000: use of potentially uninitialized variable (f_do_clip)

[Child 15804, Chrome_ChildThread] WARNING: pipe error: 109: file z:/task_1568728986/build/src/ipc/chromium/src/chrome/common/ipc_channel_win.cc, line 341
[Child 158041569597734359	Marionette	INFO	Listening on port 60735
1569597734690	Marionette	WARN	TLS certificate errors will be ignored for this session
JavaScript warning: https://staticv2-4.rottentomatoes.com/static/dist/common-pure-react.js, line 22370: unreachable code after return statement
JavaScript warning: https://staticv2-4.rottentomatoes.com/static/dist/common-pure-react.js, line 22370: unreachable code after return statement
JavaScript warning: https://cdnjs.cloudflare.com/ajax/libs/backbone.marionette/2.4.3/backbone.marionette.min.js, line 22: Using //@ to indicate sourceMappingURL pragmas is deprecated. Use //# instead
JavaScript warning: https://mathid.mathtag.com/d/i.js, line 1: unreachable code after return statement
JavaScript warning: https://mathid.mathtag.com/d/i.js, line 1: unreachable code after return statement
JavaScript warning: https://mathid.mathtag.com/d/i.js, line 1: unreachable code after return statement
JavaScript warning: https://mathid.mathtag.com/d/i.js, line 1: unreachable code after return statement
[Child 14924, Chrome_ChildThread] WARNING: pipe error: 109: file z:/task_1568728986/build/src/ipc/chromium/src/chrome/common/ipc_channel_win.cc, line 341
[Child 1492[Child 1680, Chrome_ChildThread] WARNING: pipe error: 109: file z:/task_1568728986/build/src/ipc/chromium/src/chrome/common/ipc_channel_win.cc, line 341
[Child 1680, Chrome_ChildThread] WARNING: pipe error: 109: file z:/task_1568728986/build/src/ipc/ch1569598016300	Marionette	INFO	Stopped listening on port 60735

###!!! [Child][MessageChannel::SendAndWait] Error: Channel error: cannot send/recv

1569604155489	mozrunner::runner	INFO	Running command: "C:\\Program Files\\Mozilla Firefox\\firefox.exe" "-marionette" "-foreground" "-no-remote" "-profile" "C:\\Users\\jy\\AppData\\Local\\Temp\\rust_mozprofileltiu7E"
1569604156815	addons.webextension.screenshots@mozilla.org	WARN	Loading extension 'screenshots@mozilla.org': Reading manifest: Invalid extension permission: mozillaAddons
1569604156815	addons.webextension.screenshots@mozilla.org	WARN	Loading extension 'screenshots@mozilla.org': Reading manifest: Invalid extension permission: telemetry
1569604156815	addons.webextension.screenshots@mozilla.org	WARN	Loading extension 'screenshots@mozilla.org': Reading manifest: Invalid extension permission: resource://pdf.js/
1569604156815	addons.webextension.screenshots@mozilla.org	WARN	Loading extension 'screenshots@mozilla.org': Reading manifest: Invalid extension permission: about:reader*
JavaScript error: resource://gre/modules/XULStore.jsm, line 66: Error: Can't find profile directory.
WARN: compileToBinary(259): 
C:\fakepath(337,18-133): warning X3571: pow(f, e) will not work for negative f, use abs(f) or conditionally handle negative values if you expect them
C:\fakepath(343,62-116): warning X3571: pow(f, e) will not work for negative f, use abs(f) or conditionally handle negative values if you expect them
C:\fakepath(366,75-84): warning X3556: integer divides may be much slower, try using uints if possible.
C:\fakepath(369,50-59): warning X3556: integer modulus may be much slower, try using uints if possible.
C:\fakepath(385,33-90): warning X3571: pow(f, e) will not work for negative f, use abs(f) or conditionally handle negative values if you expect them
C:\fakepath(174,1-6): warning X4000: use of potentially uninitialized variable (dyn_index_vec4_float4)
C:\fakepath(289,25-29): error X4576: Input array signature parameter  cannot be indexed dynamically.

WARN: compileToBinary(259): 
C:\fakepath(337,18-133): warning X3571: pow(f, e) will not work for negative f, use abs(f) or conditionally handle negative values if you expect them
C:\fakepath(343,62-116): warning X3571: pow(f, e) will not work for negative f, use abs(f) or conditionally handle negative values if you expect them
C:\fakepath(366,75-84): warning X3556: integer divides may be much slower, try using uints if possible.
C:\fakepath(369,50-59): warning X3556: integer modulus may be much slower, try using uints if possible.
C:\fakepath(385,33-90): warning X3571: pow(f, e) will not work for negative f, use abs(f) or conditionally handle negative values if you expect them
C:\fakepath(174,1-6): warning X4000: use of potentially uninitialized variable (dyn_index_vec4_float4)
C:\fakepath(289,25-29): error X4576: Input array signature parameter  cannot be indexed dynamically.

WARN: compileToBinary(259): 
C:\fakepath(366,75-84): warning X3556: integer divides may be much slower, try using uints if possible.
C:\fakepath(369,50-59): warning X3556: integer modulus may be much slower, try using uints if possible.
C:\fakepath(174,1-6): warning X4000: use of potentially uninitialized variable (dyn_index_vec4_float4)
C:\fakepath(225,1): warning X4000: use of potentially uninitialized variable (f_distance_aa)
C:\fakepath(262,1): warning X4000: use of potentially uninitialized variable (f_do_clip)

[Parent 15484, Gecko_IOThread] WARNING: pipe error: 109: file z:/task_1568728986/build/src/ipc/chromium/src/chrome/common/ipc_channel_win.cc, line 341
[Child 4500, Chrome_ChildThread] WARNING: pipe error: 109: file z:/task_1568728986/build/src/ipc/chromium/src/chrome/common/ipc_channel_win.cc, line 341
[Child 4500, Chrome_ChildThread] WARNING: pipe error: 109: file z:/task_1568728986/build/src/ipc/chromium/src/chrome/common/ipc_1569604163066	Marionette	INFO	Listening on port 62890
1569604163409	Marionette	WARN	TLS certificate errors will be ignored for this session
JavaScript warning: https://staticv2-4.rottentomatoes.com/static/dist/common-pure-react.js, line 22370: unreachable code after return statement
JavaScript warning: https://staticv2-4.rottentomatoes.com/static/dist/common-pure-react.js, line 22370: unreachable code after return statement
JavaScript warning: https://cdnjs.cloudflare.com/ajax/libs/backbone.marionette/2.4.3/backbone.marionette.min.js, line 22: Using //@ to indicate sourceMappingURL pragmas is deprecated. Use //# instead
JavaScript warning: https://mathid.mathtag.com/d/i.js, line 1: unreachable code after return statement
JavaScript warning: https://mathid.mathtag.com/d/i.js, line 1: unreachable code after return statement
JavaScript warning: https://mathid.mathtag.com/d/i.js, line 1: unreachable code after return statement
JavaScript warning: https://mathid.mathtag.com/d/i.js, line 1: unreachable code after return statement
JavaScript warning: https://static.adsafeprotected.com/sca.17.4.95.js, line 32: Array.slice is deprecated; use Array.prototype.slice instead
1569604177810	Marionette	WARN	TimedPromise timed out after 500 ms: stacktrace:
bail@chrome://marionette/content/sync.js:237:64
[Parent 15484, Gecko_IOThread] WARNING: pipe error: 109: file z:/task_1568728986/build/src/ipc/chromium/src/chrome/common/ipc_channel_win.cc, line 341
[Child 9800, Chrome_ChildThread] WARNING: pipe error: 109: file z:/task_1568728986/build/src/ipc/chromium/src/chrome/common/ipc_channel_win.cc, line 341
[Child 9800, Chrome_ChildThread] WARNING: pipe error: 109: file z:/task_1568728986/build/src/ipc/chromium/src/chrome/common/ipc_channel_win.cc, line 341
[Parent 15484, Gecko_IOThread] WARNING: pipe error: 109: file z:/task_1568728986/build/src/ipc/chromium/src/chrome/common/ipc_channel_win.cc, line 341
[Parent 15484, Gecko_IOThread] WARNING: pipe error: 109: file z:/task_1568728986/build/src/ipc/chromium/src/chrome/common/ipc_channel_win.cc, line 341

###!!! [Child][MessageChannel] Error: (msgtype=0x610027,name=PNecko::Msg_RemoveRequestContext) Channel closing: too late to send/recv, messages will be lost


###!!! [Child][MessageChannel] Error: (msgtype=0x610027,name=PNecko::Msg_RemoveRequestContext) Channel closing: too late to send/recv, messages will be lost

1569605204269	Marionette	INFO	Stopped listening on port 62890
[GPU 15260, Chrome_ChildThread]
###!!! [Child][MessageChannel::SendAndWait] Error: Channel error: cannot send/recv

bs(f) or conditionally handle negative values if you expect them
C:\fakepath(366,75-84): warning X3556: integer divides may be much slower, try using uints if possible.
C:\fakepath(369,50-59): warning X3556: integer modulus may be much slower, try using uints if possible.
C:\fakepath(385,33-90): warning X3571: pow(f, e) will not work for negative f, use abs(f) or conditionally handle negative values if you expect them
C:\fakepath(174,1-6): warning X4000: use of potentially uninitialized variable (dyn_index_vec4_float4)
C:\fakepath(289,25-29): error X4576: Input array signature parameter  cannot be indexed dynamically.

WARN: compileToBinary(259): 
C:\fakepath(337,18-133): warning X3571: pow(f, e) will not work for negative f, use abs(f) or conditionally handle negative values if you expect them
C:\fakepath(343,62-116): warning X3571: pow(f, e) will not work for negative f, use abs(f) or conditionally handle negative values if you expect them
C:\fakepath(366,75-84): warning X3556: integer divides may be much slower, try using uints if possible.
C:\fakepath(369,50-59): warning X3556: integer modulus may be much slower, try using uints if possible.
C:\fakepath(385,33-90): warning X3571: pow(f, e) will not work for negative f, use abs(f) or conditionally handle negative values if you expect them
C:\fakepath(174,1-6): warning X4000: use of potentially uninitialized variable (dyn_index_vec4_float4)
C:\fakepath(289,25-29): error X4576: Input array signature parameter  cannot be indexed dynamically.

WARN: compileToBinary(259): 
C:\fakepath(366,75-84): warning X3556: integer divides may be much slower, try using uints if possible.
C:\fakepath(369,50-59): warning X3556: integer modulus may be much slower, try using uints if possible.
C:\fakepath(174,1-6): warning X4000: use of potentially uninitialized variable (dyn_index_vec4_float4)
C:\fakepath(225,1): warning X4000: use of potentially uninitialized variable (f_distance_aa)
C:\fakepath(262,1): warning X4000: use of potentially uninitialized variable (f_do_clip)

[Child 17540, Chrome_ChildThread] WARNING: pipe error: 109: file z:/task_1568728986/build/src/ipc/chromium/src/chrome/common/ipc_channel_win.cc, line 341
[Child 17540, C1569604228693	Marionette	INFO	Listening on port 63106
1569604229155	Marionette	WARN	TLS certificate errors will be ignored for this session
1569604238558	mozrunner::runner	INFO	Running command: "C:\\Program Files\\Mozilla Firefox\\firefox.exe" "-marionette" "-foreground" "-no-remote" "-profile" "C:\\Users\\jy\\AppData\\Local\\Temp\\rust_mozprofileD2XZgS"
1569604239520	addons.webextension.screenshots@mozilla.org	WARN	Loading extension 'screenshots@mozilla.org': Reading manifest: Invalid extension permission: mozillaAddons
1569604239520	addons.webextension.screenshots@mozilla.org	WARN	Loading extension 'screenshots@mozilla.org': Reading manifest: Invalid extension permission: telemetry
1569604239520	addons.webextension.screenshots@mozilla.org	WARN	Loading extension 'screenshots@mozilla.org': Reading manifest: Invalid extension permission: resource://pdf.js/
1569604239520	addons.webextension.screenshots@mozilla.org	WARN	Loading extension 'screenshots@mozilla.org': Reading manifest: Invalid extension permission: about:reader*
JavaScript error: resource://gre/modules/XULStore.jsm, line 66: Error: Can't find profile directory.
WARN: compileToBinary(259): 
C:\fakepath(337,18-133): warning X3571: pow(f, e) will not work for negative f, use abs(f) or conditionally handle negative values if you expect them
C:\fakepath(343,62-116): warning X3571: pow(f, e) will not work for negative f, use abs(f) or conditionally handle negative values if you expect them
C:\fakepath(366,75-84): warning X3556: integer divides may be much slower, try using uints if possible.
C:\fakepath(369,50-59): warning X3556: integer modulus may be much slower, try using uints if possible.
C:\fakepath(385,33-90): warning X3571: pow(f, e) will not work for negative f, use abs(f) or conditionally handle negative values if you expect them
C:\fakepath(174,1-6): warning X4000: use of potentially uninitialized variable (dyn_index_vec4_float4)
C:\fakepath(289,25-29): error X4576: Input array signature parameter  cannot be indexed dynamically.

WARN: compileToBinary(259): 
C:\fakepath(337,18-133): warning X3571: pow(f, e) will not work for negative f, use abs(f) or conditionally handle negative values if you expect them
C:\fakepath(343,62-116): warning X3571: pow(f, e) will not work for negative f, use abs(f) or conditionally handle negative values if you expect them
C:\fakepath(366,75-84): warning X3556: integer divides may be much slower, try using uints if possible.
C:\fakepath(369,50-59): warning X3556: integer modulus may be much slower, try using uints if possible.
C:\fakepath(385,33-90): warning X3571: pow(f, e) will not work for negative f, use abs(f) or conditionally handle negative values if you expect them
C:\fakepath(174,1-6): warning X4000: use of potentially uninitialized variable (dyn_index_vec4_float4)
C:\fakepath(289,25-29): error X4576: Input array signature parameter  cannot be indexed dynamically.

WARN: compileToBinary(259): 
C:\fakepath(366,75-84): warning X3556: integer divides may be much slower, try using uints if possible.
C:\fakepath(369,50-59): warning X3556: integer modulus may be much slower, try using uints if possible.
C:\fakepath(174,1-6): warning X4000: use of potentially uninitialized variable (dyn_index_vec4_float4)
C:\fakepath(225,1): warning X4000: use of potentially uninitialized variable (f_distance_aa)
C:\fakepath(262,1): warning X4000: use of potentially uninitialized variable (f_do_clip)

[Child 16328, Chrome_ChildThread] WARNING: pipe error: 109: file z:/task_1568728986/build/src/ipc/chromium/src/chrome/common/ipc_channel_win.cc, line 341
[Child 16328, Chrome_ChildT1569604243208	Marionette	INFO	Listening on port 63145
1569604243278	Marionette	WARN	TLS certificate errors will be ignored for this session
1569604252957	Marionette	INFO	Stopped listening on port 63145
[Parent 17644, Gecko_IOThread] WARNING: pipe error: 109: file z:/task_1568728986/build/src/ipc/chromium/src/chrome/common/ipc_channel_win.cc, line 341
[Child 17436, Chrome_ChildThread] WARNING: pipe error: 109: file z:/task_1568728986/build/src/ipc/chromium/src/chrome/common/ipc_channel_win.cc, line 341
[Child 1743[Parent 17644, Gecko_IOThread] WARNING: pipe error: 109: file z:/task_1568728986/build/src/ipc/chromium/src/chrome/common/ipc_channel_win.cc, line 341

###!!! [Child][RunMessage] Error: Channel closing: too late to send/recv, messages will be lost

[GPU 1224, Chrome_ChildThread
###!!! [Child][MessageChannel::SendAndWait] Error: Channel error: cannot send/recv

