 
                                                                                                                                                                                                                                                                
 
Variable Importance

                                                                                                                Ratio of
                                                      Number of                                               Validation
                                                      Splitting                            Validation        to Training
Variable Name            Label                          Rules           Importance         Importance         Importance

IMP_ss_p25               Imputed ss_p25                   1                 1.0000             1.0000             1.0000
genre_HistDocument                                        2                 0.4154             0.5461             1.3147
IMP_user_rating_count    Imputed user_rating_count        1                 0.3692             0.4243             1.1492
IMP_runtime              Imputed runtime                  1                 0.3371             0.3173             0.9413
IMP_ss_std               Imputed ss_std                   1                 0.2606             0.2141             0.8216
NR                                                        1                 0.2122             0.0000             0.0000
genre_DramaTele                                           1                 0.1698             0.0000             0.0000
IMP_ss_count             Imputed ss_count                 1                 0.1577             0.0923             0.5853
genre_Horror                                              1                 0.1238             0.1886             1.5242
 
                                                                                                                                                                                                                                                                
 
Tree Leaf Report

                                 Training
Node               Training       Percent
 Id     Depth    Observations      TRUE

  8       3           803          0.18  
  7       2           631          0.81  
 19       4           275          0.53  
 30       5           195          0.39  
 11       3           172          0.69  
 44       6           116          0.16  
  4       2           114          0.63  
 29       5            76          0.75  
 28       5            27          0.26  
 18       4            21          0.24  
 45       6             8          0.75  
 
                                                                                               
 
 
Fit Statistics

Target=audience_score_positive Target Label=' '

   Fit
Statistics    Statistics Label                Train    Validation

  _NOBS_      Sum of Frequencies            2438.00      2440.00 
  _MISC_      Misclassification Rate           0.26         0.27 
  _MAX_       Maximum Absolute Error           0.84         0.84 
  _SSE_       Sum of Squared Errors          874.29       929.13 
  _ASE_       Average Squared Error            0.18         0.19 
  _RASE_      Root Average Squared Error       0.42         0.44 
  _DIV_       Divisor for ASE               4876.00      4880.00 
  _DFT_       Total Degrees of Freedom      2438.00          .   
 
                                                                                               
 
 
Classification Table

Data Role=TRAIN Target Variable=audience_score_positive Target Label=' '

                       Target        Outcome     Frequency       Total
Target    Outcome    Percentage    Percentage      Count      Percentage

FALSE      FALSE       78.2272       71.0711        909         37.2847 
TRUE       FALSE       21.7728       21.8292        253         10.3774 
FALSE      TRUE        28.9969       28.9289        370         15.1764 
TRUE       TRUE        71.0031       78.1708        906         37.1616 


Data Role=VALIDATE Target Variable=audience_score_positive Target Label=' '

                       Target        Outcome     Frequency       Total
Target    Outcome    Percentage    Percentage      Count      Percentage

FALSE      FALSE       76.2185       70.9148        907         37.1721 
TRUE       FALSE       23.7815       24.3755        283         11.5984 
FALSE      TRUE        29.7600       29.0852        372         15.2459 
TRUE       TRUE        70.2400       75.6245        878         35.9836 
 
                                                                                               
 
 
Event Classification Table

Data Role=TRAIN Target=audience_score_positive Target Label=' '

  False       True        False       True
Negative    Negative    Positive    Positive

   253         909         370         906  


Data Role=VALIDATE Target=audience_score_positive Target Label=' '

  False       True        False       True
Negative    Negative    Positive    Positive

   283         907         372         878  
 
                                                                                               
 
 
Assessment Score Rankings

Data Role=TRAIN Target Variable=audience_score_positive Target Label=' '

                                                                                    Mean
                            Cumulative       %      Cumulative     Number of     Posterior
Depth     Gain      Lift       Lift      Response   % Response   Observations   Probability

   5    69.3498   1.69350     1.69350     80.5071     80.5071         122         0.80507  
  10    69.3498   1.69350     1.69350     80.5071     80.5071         122         0.80507  
  15    69.3498   1.69350     1.69350     80.5071     80.5071         122         0.80507  
  20    69.3498   1.69350     1.69350     80.5071     80.5071         122         0.80507  
  25    69.3498   1.69350     1.69350     80.5071     80.5071         122         0.80507  
  30    67.4389   1.57885     1.67439     75.0568     79.5987         122         0.75057  
  35    64.1352   1.44312     1.64135     68.6047     78.0282         122         0.68605  
  40    60.6125   1.35954     1.60613     64.6312     76.3535         122         0.64631  
  45    55.5900   1.15410     1.55590     54.8647     73.9659         122         0.54865  
  50    51.1554   1.10914     1.51155     52.7273     71.8577         121         0.52727  
  55    46.1444   0.96075     1.46144     45.6731     69.4755         122         0.45673  
  60    40.8840   0.83063     1.40884     39.4872     66.9748         122         0.39487  
  65    33.6443   0.46828     1.33644     22.2615     63.5331         122         0.22261  
  70    26.8262   0.38246     1.26826     18.1818     60.2918         122         0.18182  
  75    20.9176   0.38246     1.20918     18.1818     57.4830         122         0.18182  
  80    15.7480   0.38246     1.15748     18.1818     55.0254         122         0.18182  
  85    11.1869   0.38246     1.11187     18.1818     52.8571         122         0.18182  
  90     7.1327   0.38246     1.07133     18.1818     50.9298         122         0.18182  
  95     3.5056   0.38246     1.03506     18.1818     49.2055         122         0.18182  
 100     0.0000   0.32873     1.00000     15.6273     47.5390         121         0.15627  


Data Role=VALIDATE Target Variable=audience_score_positive Target Label=' '

                                                                                    Mean
                            Cumulative       %      Cumulative     Number of     Posterior
Depth     Gain      Lift       Lift      Response   % Response   Observations   Probability

   5    69.0602   1.69060     1.69060     80.4422     80.4422         122         0.80507  
  10    69.0602   1.69060     1.69060     80.4422     80.4422         122         0.80507  
  15    69.0602   1.69060     1.69060     80.4422     80.4422         122         0.80507  
  20    69.0602   1.69060     1.69060     80.4422     80.4422         122         0.80507  
  25    67.5906   1.61712     1.67591     76.9457     79.7429         122         0.79514  
  30    61.9954   1.34019     1.61995     63.7691     77.0806         122         0.72431  
  35    59.2139   1.42525     1.59214     67.8161     75.7571         122         0.68605  
  40    58.0534   1.49930     1.58053     71.3397     75.2049         122         0.63292  
  45    52.9082   1.11747     1.52908     53.1712     72.7567         122         0.53326  
  50    48.5585   1.09411     1.48558     52.0599     70.6871         122         0.52727  
  55    42.2118   0.78745     1.42212     37.4684     67.6672         122         0.42743  
  60    36.0896   0.68745     1.36090     32.7103     64.7541         122         0.39487  
  65    29.2159   0.46732     1.29216     22.2361     61.4835         122         0.20726  
  70    23.0551   0.42964     1.23055     20.4433     58.5520         122         0.18182  
  75    17.7157   0.42964     1.17716     20.4433     56.0115         122         0.18182  
  80    13.0438   0.42964     1.13044     20.4433     53.7885         122         0.18182  
  85     8.9215   0.42964     1.08921     20.4433     51.8270         122         0.18182  
  90     5.2572   0.42964     1.05257     20.4433     50.0834         122         0.18182  
  95     1.9786   0.42964     1.01979     20.4433     48.5234         122         0.18182  
 100     0.0000   0.62406     1.00000     29.6939     47.5820         122         0.15648  
 
                                                                                               
 
 
Assessment Score Distribution

Data Role=TRAIN Target Variable=audience_score_positive Target Label=' '

 Posterior     Number                     Mean
Probability      of      Number of     Posterior
   Range       Events    Nonevents    Probability    Percentage

 0.80-0.85       508        123         0.80507        25.8819 
 0.70-0.75        63         21         0.75000         3.4454 
 0.65-0.70       118         54         0.68605         7.0550 
 0.60-0.65        72         42         0.63158         4.6760 
 0.50-0.55       145        130         0.52727        11.2797 
 0.35-0.40        77        118         0.39487         7.9984 
 0.25-0.30         7         20         0.25926         1.1075 
 0.20-0.25         5         16         0.23810         0.8614 
 0.15-0.20       164        755         0.17845        37.6948 


Data Role=VALIDATE Target Variable=audience_score_positive Target Label=' '

 Posterior     Number                     Mean
Probability      of      Number of     Posterior
   Range       Events    Nonevents    Probability    Percentage

 0.80-0.85       473        115         0.80507        24.0984 
 0.70-0.75        58         37         0.75000         3.8934 
 0.65-0.70       118         56         0.68605         7.1311 
 0.60-0.65        90         36         0.63158         5.1639 
 0.50-0.55       139        128         0.52727        10.9426 
 0.35-0.40        70        144         0.39487         8.7705 
 0.25-0.30         7         12         0.25926         0.7787 
 0.20-0.25         5         24         0.23810         1.1885 
 0.15-0.20       201        727         0.17849        38.0328 
