NOTE: PROCEDURE PRINTTO used (Total process time):
      real time           0.00 seconds
      cpu time            0.00 seconds
      

NOTE: 1579967 kilobytes of physical memory.
NOTE: The subtree sequence contains 8 subtrees. The largest has 15 nodes and 8 leaves.
NOTE: Variable _WARN_ is uninitialized.
NOTE: Will use 2438 out of 2438 training cases.
NOTE: Using memory pool with 331972608 bytes.
NOTE: View EMWS1.IMPT_VALIDATE.VIEW used (Total process time):
      real time           0.14 seconds
      cpu time            0.09 seconds
      
NOTE: Variable _WARN_ is uninitialized.
NOTE: There were 2440 observations read from the data set EMWS1.PART_VALIDATE.
NOTE: The subtree sequence contains 8 subtrees. The largest has 15 nodes and 8 leaves.
NOTE: Using subtree with 15 nodes and 8 leaves.
NOTE: Created macro variable NLEAVES equal to 8.
NOTE: The data set EMWS1.TREE2_OUTIMPORT has 38 observations and 6 variables.
NOTE: The data set EMWS1.TREE2_EMTREE has 814 observations and 4 variables.
NOTE: The data set EMWS1.TREE2_OUTNODES has 15 observations and 24 variables.
NOTE: The data set EMWS1.TREE2_OUTPATH has 58 observations and 7 variables.
NOTE: The data set EMWS1.TREE2_OUTRULES has 214 observations and 6 variables.
NOTE: The data set EMWS1.TREE2_OUTSEQ has 8 observations and 20 variables.
NOTE: The data set EMWS1.TREE2_OUTSTATS has 105 observations and 5 variables.
NOTE: The data set EMWS1.TREE2_OUTSUMMARY has 24 observations and 6 variables.
NOTE: The data set EMWS1.TREE2_OUTTOPOLOGY has 15 observations and 5 variables.
NOTE: External file 
      C:\Users\jy\Desktop\DataMiningProject\SASEM_Project\Workspaces\EMWS1\Tree2\TREEFLOW.sas 
      opened.
NOTE: External file 
      C:\Users\jy\Desktop\DataMiningProject\SASEM_Project\Workspaces\EMWS1\Tree2\TREEPUBLISH.sa
      s opened.
NOTE: View EMWS1.IMPT_TRAIN.VIEW used (Total process time):
      real time           0.11 seconds
      cpu time            0.09 seconds
      
NOTE: Variable _WARN_ is uninitialized.
NOTE: The data set WORK.FIT_TRAIN has 1 observations and 10 variables.
NOTE: There were 2438 observations read from the data set EMWS1.PART_TRAIN.
NOTE: View EMWS1.IMPT_VALIDATE.VIEW used (Total process time):
      real time           0.11 seconds
      cpu time            0.09 seconds
      
NOTE: Variable _WARN_ is uninitialized.
NOTE: The data set WORK.FIT_VALID has 1 observations and 8 variables.
NOTE: There were 2440 observations read from the data set EMWS1.PART_VALIDATE.


NOTE: View EMWS1.IMPT_TRAIN.VIEW used (Total process time):
      real time           0.72 seconds
      cpu time            0.54 seconds
      
NOTE: There were 2438 observations read from the data set EMWS1.PART_TRAIN.
NOTE: There were 2438 observations read from the data set EMWS1.IMPT_TRAIN.
NOTE: The data set WORK._NAMEDAT has 2 observations and 5 variables.
NOTE: PROCEDURE ARBOR used (Total process time):
      real time           0.73 seconds
      cpu time            0.56 seconds
      


NOTE: There were 1 observations read from the data set EMWS1.TREE2_VARIABLESET.
      WHERE ROLE='TARGET';
NOTE: The data set WORK.TEMPTARGET has 1 observations and 21 variables.
NOTE: DATA statement used (Total process time):
      real time           0.01 seconds
      cpu time            0.01 seconds
      


NOTE: There were 1 observations read from the data set WORK.FIT_TRAIN.
NOTE: There were 1 observations read from the data set WORK.FIT_VALID.
NOTE: The data set EMWS1.TREE2_EMOUTFIT has 1 observations and 16 variables.
NOTE: DATA statement used (Total process time):
      real time           0.01 seconds
      cpu time            0.01 seconds
      


NOTE: Deleting WORK.FIT_VALID (memtype=DATA).

NOTE: PROCEDURE DATASETS used (Total process time):
      real time           0.00 seconds
      cpu time            0.01 seconds
      


NOTE: Variable cvimportance is uninitialized.
NOTE: Variable nsurrogates is uninitialized.
NOTE: There were 2 observations read from the data set EMWS1.TREE2_OUTIMPORT.
NOTE: DATA statement used (Total process time):
      real time           0.00 seconds
      cpu time            0.00 seconds
      


NOTE: There were 5 observations read from the data set EMWS1.TREE2_OUTIMPORT.
      WHERE nrules>0;
NOTE: The PROCEDURE PRINT printed page 9.
NOTE: PROCEDURE PRINT used (Total process time):
      real time           0.00 seconds
      cpu time            0.00 seconds
      


NOTE: There were 58 observations read from the data set EMWS1.TREE2_OUTPATH.
NOTE: The data set WORK.TEMPOUTPATH has 58 observations and 8 variables.
NOTE: DATA statement used (Total process time):
      real time           0.01 seconds
      cpu time            0.01 seconds
      


NOTE: There were 2 observations read from the data set EMWS1.TREE2_AUDIENCE_SCORE_P_DM.
      WHERE _TYPE_='PREDICTED';
NOTE: DATA statement used (Total process time):
      real time           0.00 seconds
      cpu time            0.00 seconds
      


NOTE: There were 2 observations read from the data set EMWS1.TREE2_OUTNODES.
NOTE: DATA statement used (Total process time):
      real time           0.00 seconds
      cpu time            0.00 seconds
      


NOTE: There were 58 observations read from the data set WORK.TEMPOUTPATH.
NOTE: The data set WORK.TEMPOUTPATH has 58 observations and 8 variables.
NOTE: PROCEDURE SORT used (Total process time):
      real time           0.01 seconds
      cpu time            0.00 seconds
      


NOTE: There were 15 observations read from the data set EMWS1.TREE2_OUTNODES.
NOTE: The data set WORK.OUTNODES has 15 observations and 24 variables.
NOTE: PROCEDURE SORT used (Total process time):
      real time           0.01 seconds
      cpu time            0.00 seconds
      


NOTE: There were 58 observations read from the data set WORK.TEMPOUTPATH.
NOTE: There were 15 observations read from the data set WORK.OUTNODES.
NOTE: The data set WORK.TEMPOUTPATH has 58 observations and 11 variables.
NOTE: DATA statement used (Total process time):
      real time           0.01 seconds
      cpu time            0.01 seconds
      


NOTE: There were 58 observations read from the data set WORK.TEMPOUTPATH.
NOTE: The data set WORK.TEMPOUTPATH has 58 observations and 11 variables.
NOTE: PROCEDURE SORT used (Total process time):
      real time           0.01 seconds
      cpu time            0.00 seconds
      


NOTE: Numeric values have been converted to character values at the places given by: 
      (Line):(Column).
      218:176   228:190   374:191   381:195   
NOTE: The file X is:
      
      Filename=C:\Users\jy\Desktop\DataMiningProject\SASEM_Project\Workspaces\EMWS1\Tree2\ENGLI
      SHRULES.txt,
      RECFM=V,LRECL=131068,File Size (bytes)=0,
      Last Modified=17Nov2019:22:54:58,
      Create Time=17Nov2019:16:11:42

NOTE: 96 records were written to the file X.
      The minimum record length was 1.
      The maximum record length was 62.
NOTE: There were 58 observations read from the data set WORK.TEMPOUTPATH.
NOTE: DATA statement used (Total process time):
      real time           0.01 seconds
      cpu time            0.01 seconds
      


NOTE: Deleting WORK.TEMPOUTPATH (memtype=DATA).
NOTE: Deleting WORK.OUTNODES (memtype=DATA).

NOTE: PROCEDURE DATASETS used (Total process time):
      real time           0.01 seconds
      cpu time            0.01 seconds
      


NOTE: The data set WORK.EM_USER_REPORT has 132 observations and 4 variables.
NOTE: DATA statement used (Total process time):
      real time           0.04 seconds
      cpu time            0.03 seconds
      

NOTE: Fileref X has been deassigned.

