 
                                                                                                                                                                                                                                                                
 
Variable Importance

                                                                                                              Ratio of
                                                    Number of                                               Validation
                                                    Splitting                            Validation        to Training
Variable Name           Label                         Rules           Importance         Importance         Importance

tomatometer_count                                       2                 1.0000             0.9446             0.9446
genre_HistDocument                                      1                 0.9136             1.0000             1.0946
genre_DramaTele                                         1                 0.6118             0.4696             0.7676
IMP_runtime             Imputed runtime                 2                 0.5901             0.3572             0.6054
IMP_domestic_gross      Imputed domestic_gross          1                 0.4475             0.4537             1.0139
IMP_domestic_opening    Imputed domestic_opening        1                 0.3908             0.1606             0.4110
IMP_total_gross         Imputed total_gross             1                 0.2506             0.1586             0.6327
genre_ThrillMysSusp                                     1                 0.2441             0.1886             0.7727
 
                                                                                                                                                                                                                                                                
 
Tree Leaf Report

                                 Training
Node               Training       Percent
 Id     Depth    Observations      TRUE

  9       3           713          0.26  
 16       4           543          0.36  
 30       5           344          0.59  
 13       3           219          0.68  
 10       3           153          0.84  
  7       2           152          0.86  
 22       4           147          0.46  
 23       4            82          0.83  
 42       6            45          0.24  
 12       3            25          0.36  
 43       6            15          0.80  
 
                                                                                               
 
 
Fit Statistics

Target=audience_score_positive Target Label=' '

   Fit
Statistics    Statistics Label                Train    Validation

  _NOBS_      Sum of Frequencies            2438.00      2440.00 
  _MISC_      Misclassification Rate           0.30         0.33 
  _MAX_       Maximum Absolute Error           0.86         0.86 
  _SSE_       Sum of Squared Errors          993.68      1042.73 
  _ASE_       Average Squared Error            0.20         0.21 
  _RASE_      Root Average Squared Error       0.45         0.46 
  _DIV_       Divisor for ASE               4876.00      4880.00 
  _DFT_       Total Degrees of Freedom      2438.00          .   
 
                                                                                               
 
 
Classification Table

Data Role=TRAIN Target Variable=audience_score_positive Target Label=' '

                       Target        Outcome     Frequency       Total
Target    Outcome    Percentage    Percentage      Count      Percentage

FALSE      FALSE       68.2281       78.5770        1005        41.2223 
TRUE       FALSE       31.7719       40.3796         468        19.1961 
FALSE      TRUE        28.3938       21.4230         274        11.2387 
TRUE       TRUE        71.6062       59.6204         691        28.3429 


Data Role=VALIDATE Target Variable=audience_score_positive Target Label=' '

                       Target        Outcome     Frequency       Total
Target    Outcome    Percentage    Percentage      Count      Percentage

FALSE      FALSE       66.7361       75.1368        961         39.3852 
TRUE       FALSE       33.2639       41.2575        479         19.6311 
FALSE      TRUE        31.8000       24.8632        318         13.0328 
TRUE       TRUE        68.2000       58.7425        682         27.9508 
 
                                                                                               
 
 
Event Classification Table

Data Role=TRAIN Target=audience_score_positive Target Label=' '

  False       True        False       True
Negative    Negative    Positive    Positive

   468        1005         274         691  


Data Role=VALIDATE Target=audience_score_positive Target Label=' '

  False       True        False       True
Negative    Negative    Positive    Positive

   479         961         318         682  
 
                                                                                               
 
 
Assessment Score Rankings

Data Role=TRAIN Target Variable=audience_score_positive Target Label=' '

                                                                                    Mean
                            Cumulative       %      Cumulative     Number of     Posterior
Depth     Gain      Lift       Lift      Response   % Response   Observations   Probability

   5    81.2917   1.81292     1.81292     86.1842     86.1842         122         0.86184  
  10    79.2898   1.77288     1.79290     84.2808     85.2325         122         0.84281  
  15    77.9302   1.75211     1.77930     83.2935     84.5862         122         0.83293  
  20    71.3484   1.51603     1.71348     72.0705     81.4573         122         0.72071  
  25    65.7022   1.43117     1.65702     68.0365     78.7731         122         0.68037  
  30    59.0593   1.25845     1.59059     59.8253     75.6152         122         0.59825  
  35    54.0699   1.24133     1.54070     59.0116     73.2432         122         0.59012  
  40    50.0093   1.21585     1.50009     57.8004     71.3129         122         0.57800  
  45    43.9944   0.95876     1.43994     45.5782     68.4535         122         0.45578  
  50    37.4370   0.77933     1.37437     37.0483     65.3361         121         0.37048  
  55    31.8059   0.75541     1.31806     35.9116     62.6592         122         0.35912  
  60    27.1140   0.75541     1.27114     35.9116     60.4287         122         0.35912  
  65    23.1444   0.75541     1.23144     35.9116     58.5416         122         0.35912  
  70    19.4153   0.70968     1.19415     33.7373     56.7688         122         0.33737  
  75    15.1103   0.54875     1.15110     26.0870     54.7222         122         0.26087  
  80    11.3436   0.54875     1.11344     26.0870     52.9316         122         0.26087  
  85     8.0203   0.54875     1.08020     26.0870     51.3517         122         0.26087  
  90     5.0665   0.54875     1.05066     26.0870     49.9475         122         0.26087  
  95     2.4237   0.54875     1.02424     26.0870     48.6911         122         0.26087  
 100     0.0000   0.53590     1.00000     25.4761     47.5390         121         0.25476  


Data Role=VALIDATE Target Variable=audience_score_positive Target Label=' '

                                                                                    Mean
                            Cumulative       %      Cumulative     Number of     Posterior
Depth     Gain      Lift       Lift      Response   % Response   Observations   Probability

   5    85.1110   1.85111     1.85111     88.0795     88.0795         122         0.86184  
  10    73.5282   1.61945     1.73528     77.0568     82.5681         122         0.84260  
  15    69.1645   1.60437     1.69165     76.3391     80.4918         122         0.83348  
  20    64.6900   1.51267     1.64690     71.9756     78.3628         122         0.75464  
  25    60.3127   1.42804     1.60313     67.9487     76.2799         122         0.68037  
  30    54.5876   1.25962     1.54588     59.9351     73.5558         122         0.63006  
  35    48.5876   1.12588     1.48588     53.5714     70.7009         122         0.59012  
  40    44.0876   1.12588     1.44088     53.5714     68.5597         122         0.59012  
  45    39.0059   0.98352     1.39006     46.7977     66.1417         122         0.48221  
  50    33.8026   0.86973     1.33803     41.3836     63.6659         122         0.39574  
  55    28.5183   0.75675     1.28518     36.0078     61.1515         122         0.35912  
  60    24.1147   0.75675     1.24115     36.0078     59.0562         122         0.35912  
  65    20.3886   0.75675     1.20389     36.0078     57.2833         122         0.35912  
  70    16.9207   0.71838     1.16921     34.1819     55.6332         122         0.33576  
  75    13.0947   0.59531     1.13095     28.3262     53.8127         122         0.26087  
  80     9.7470   0.59531     1.09747     28.3262     52.2198         122         0.26087  
  85     6.7932   0.59531     1.06793     28.3262     50.8143         122         0.26087  
  90     4.1675   0.59531     1.04168     28.3262     49.5650         122         0.26087  
  95     1.8182   0.59531     1.01818     28.3262     48.4471         122         0.26087  
 100     0.0000   0.65453     1.00000     31.1440     47.5820         122         0.25252  
 
                                                                                               
 
 
Assessment Score Distribution

Data Role=TRAIN Target Variable=audience_score_positive Target Label=' '

 Posterior     Number                     Mean
Probability      of      Number of     Posterior
   Range       Events    Nonevents    Probability    Percentage

 0.85-0.90       131         21         0.86184         6.2346 
 0.80-0.85       196         39         0.83404         9.6390 
 0.75-0.80        12          3         0.80000         0.6153 
 0.65-0.70       149         70         0.68037         8.9828 
 0.55-0.60       203        141         0.59012        14.1099 
 0.45-0.50        67         80         0.45578         6.0295 
 0.35-0.40       204        364         0.35915        23.2978 
 0.25-0.30       186        527         0.26087        29.2453 
 0.20-0.25        11         34         0.24444         1.8458 


Data Role=VALIDATE Target Variable=audience_score_positive Target Label=' '

 Posterior     Number                     Mean
Probability      of      Number of     Posterior
   Range       Events    Nonevents    Probability    Percentage

 0.85-0.90       133         18         0.86184         6.1885 
 0.80-0.85       200         63         0.83381        10.7787 
 0.75-0.80        10          6         0.80000         0.6557 
 0.65-0.70       159         75         0.68037         9.5902 
 0.55-0.60       180        156         0.59012        13.7705 
 0.45-0.50        65         79         0.45578         5.9016 
 0.35-0.40       195        340         0.35916        21.9262 
 0.25-0.30       198        501         0.26087        28.6475 
 0.20-0.25        21         41         0.24444         2.5410 
