*------------------------------------------------------------*
* Training Log
Date:                November 15, 2019
Time:                23:44:51
*------------------------------------------------------------*
10867  proc freq data=EMWS1.Part_VariableSet noprint;
10868  table ROLE*LEVEL/out=WORK.PartMETA;
10869  run;

NOTE: There were 44 observations read from the data set EMWS1.PART_VARIABLESET.
NOTE: The data set WORK.PARTMETA has 6 observations and 4 variables.
NOTE: PROCEDURE FREQ used (Total process time):
      real time           0.20 seconds
      cpu time            0.03 seconds
      

10870  proc print data=WORK.PartMETA label noobs;
10871  var ROLE LEVEL COUNT;
10872  label ROLE = "%sysfunc(sasmsg(sashelp.dmine, meta_role_vlabel, NOQUOTE))" LEVEL = "%sysfunc(sasmsg(sashelp.dmine, meta_level_vlabel, NOQUOTE))" COUNT = "%sysfunc(sasmsg(sashelp.dmine, rpt_count_vlabel, NOQUOTE))";
10873  title9 ' ';
10874  title10 "%sysfunc(sasmsg(sashelp.dmine, rpt_varSummary_title  , NOQUOTE))";
10875  run;

NOTE: There were 6 observations read from the data set WORK.PARTMETA.
NOTE: The PROCEDURE PRINT printed page 1.
NOTE: PROCEDURE PRINT used (Total process time):
      real time           0.03 seconds
      cpu time            0.00 seconds
      

10876  title10;

10884  *------------------------------------------------------------*;
10885  * Part: Determine number of observations;
10886  *------------------------------------------------------------*;
10887  proc sql;
10888  reset noprint;
10889  select count(*) into :_tmpa from EMWS1.FIMPORT_train
10890  ;
NOTE: View EMWS1.FIMPORT_TRAIN.VIEW used (Total process time):
      real time           0.07 seconds
      cpu time            0.06 seconds
      
NOTE: There were 4878 observations read from the data set EMWS1.FIMPORT_DATA.
10891  quit;
NOTE: PROCEDURE SQL used (Total process time):
      real time           0.10 seconds
      cpu time            0.09 seconds
      

trainPct=50 validatePct=50 testPct=0 
NOTE: View EMWS1.FIMPORT_TRAIN.VIEW used (Total process time):
      real time           0.04 seconds
      cpu time            0.04 seconds
      
10892  *------------------------------------------------------------*;
10893  * Part: Retrieving stratification variable(s) levels;
10894  *------------------------------------------------------------*;
10895  proc freq data=EMWS1.FIMPORT_train noprint;
10896  format
10897  audience_score_positive $5.
10898  ;
10899  table
10900  audience_score_positive
10901  /out=WORK.Part_FREQ(drop=percent);
10902  run;

NOTE: View EMWS1.FIMPORT_TRAIN.VIEW used (Total process time):
      real time           0.06 seconds
      cpu time            0.04 seconds
      
NOTE: There were 4878 observations read from the data set EMWS1.FIMPORT_DATA.
NOTE: There were 4878 observations read from the data set EMWS1.FIMPORT_TRAIN.
NOTE: The data set WORK.PART_FREQ has 2 observations and 2 variables.
NOTE: PROCEDURE FREQ used (Total process time):
      real time           0.08 seconds
      cpu time            0.06 seconds
      

10903  proc sort data=WORK.Part_FREQ;
10904  by descending count;
10905  run;

NOTE: There were 2 observations read from the data set WORK.PART_FREQ.
NOTE: The data set WORK.PART_FREQ has 2 observations and 2 variables.
NOTE: PROCEDURE SORT used (Total process time):
      real time           0.01 seconds
      cpu time            0.00 seconds
      

10906  * Part: Retrieving levels that meet minimum requirement;
10907  data WORK.Part_FREQ2(keep = count);
10908  set WORK.Part_FREQ;
10909  where (.01 * 50 * count) >= 3;
10910  run;

NOTE: There were 2 observations read from the data set WORK.PART_FREQ.
      WHERE (0.5*count)>=3;
NOTE: The data set WORK.PART_FREQ2 has 2 observations and 1 variables.
NOTE: DATA statement used (Total process time):
      real time           0.01 seconds
      cpu time            0.00 seconds
      

10911  *------------------------------------------------------------*;
10912  * Part: Create stratified partitioning;
10913  *------------------------------------------------------------*;
10914  data
10915  EMWS1.Part_TRAIN(label="")
10916  EMWS1.Part_VALIDATE(label="")
10917  ;
10918  retain _seed_ 12345;
10919  drop _seed_ _genvalue_;
10920  call ranuni(_seed_, _genvalue_);
10921  label _dataobs_ = "%sysfunc(sasmsg(sashelp.dmine, sample_dataobs_vlabel, NOQUOTE))";
10922  _dataobs_ = _N_;
10923  drop _c00:;
10924  set EMWS1.FIMPORT_train;
10925  length _Pformat1 $55;
10926  drop _Pformat1;
10927  _Pformat1 = strip(put(audience_score_positive, $5.));
10928  if
10929  _Pformat1 = 'False'
10930  then do;
10931  if (2558+1-_C000003)*_genvalue_ <= (1279 - _C000001) then do;
10932  _C000001 + 1;
10933  output EMWS1.Part_TRAIN;
10934  end;
10935  else do;
10936  _C000002 + 1;
10937  output EMWS1.Part_VALIDATE;
10938  end;
10939  _C000003+1;
10940  end;
10941  else if
10942  _Pformat1 = 'True'
10943  then do;
10944  if (2320+1-_C000006)*_genvalue_ <= (1160 - _C000004) then do;
10945  _C000004 + 1;
10946  output EMWS1.Part_TRAIN;
10947  end;
10948  else do;
10949  _C000005 + 1;
10950  output EMWS1.Part_VALIDATE;
10951  end;
10952  _C000006+1;
10953  end;
10954  run;

NOTE: View EMWS1.FIMPORT_TRAIN.VIEW used (Total process time):
      real time           0.04 seconds
      cpu time            0.04 seconds
      
NOTE: There were 4878 observations read from the data set EMWS1.FIMPORT_DATA.
NOTE: There were 4878 observations read from the data set EMWS1.FIMPORT_TRAIN.
NOTE: The data set EMWS1.PART_TRAIN has 2438 observations and 45 variables.
NOTE: The data set EMWS1.PART_VALIDATE has 2440 observations and 45 variables.
NOTE: DATA statement used (Total process time):
      real time           0.07 seconds
      cpu time            0.04 seconds
      

10955  data _tempNobs;
10956  length Type $8 Table $32 Nobs 8;
10957  label type= "%sysfunc(sasmsg(sashelp.dmine, meta_type_vlabel,    NOQUOTE))" table = "%sysfunc(sasmsg(sashelp.dmine, meta_dataset_vlabel, NOQUOTE))" nobs = "%sysfunc(sasmsg(sashelp.dmine,  rpt_numObs_vlabel,   NOQUOTE))";
10958  type='DATA';
10959  table="EMWS1.FIMPORT_train";
10960  Nobs=4878;
10961  output;
10962  type='TRAIN';
10963  table="EMWS1.Part_TRAIN";
10964  Nobs=2438;
10965  output;
10966  type='VALIDATE';
10967  table="EMWS1.Part_VALIDATE";
10968  Nobs=2440;
10969  output;
10970  run;

NOTE: The data set WORK._TEMPNOBS has 3 observations and 3 variables.
NOTE: DATA statement used (Total process time):
      real time           0.01 seconds
      cpu time            0.01 seconds
      

10971  %let _cn = %sysfunc(getoption(CENTER));
10972  %let _nb = %sysfunc(getoption(NUMBER));
10973  options nonumber nocenter;
10974  proc print data=_tempNobs noobs label;
10975  title9 ' ';
10976  title10 "%sysfunc(sasmsg(sashelp.dmine, rpt_partitionSummary_title, NOQUOTE))";
10977  run;

NOTE: There were 3 observations read from the data set WORK._TEMPNOBS.
NOTE: The PROCEDURE PRINT printed page 2.
NOTE: PROCEDURE PRINT used (Total process time):
      real time           0.00 seconds
      cpu time            0.00 seconds
      

10978  title10;
10979  options &_cn &_nb;
10980  run;

